;  LST file generated by mikroListExporter - v.2.0 
; Date/Time: 22/09/2020 18:02:25
;----------------------------------------------

;Address Opcode 	ASM
0x0000	0xF000EFFA  	GOTO        500
0x0004	0x0000      	NOP
0x0006	0x0000      	NOP
0x0008	0xF000EF00  	GOTO        0
0x000C	0x0000      	NOP
0x000E	0x0000      	NOP
0x0010	0x0000      	NOP
0x0012	0x0000      	NOP
0x0014	0x0000      	NOP
0x0016	0x0000      	NOP
0x0018	0xD7F3      	BRA         0
_Delay_1us:
;__Lib_Delays.c,7 :: 		void Delay_1us() {
;__Lib_Delays.c,8 :: 		Delay_us(1);
0x001C	0x0000      	NOP
0x001E	0x0000      	NOP
;__Lib_Delays.c,9 :: 		}
L_end_Delay_1us:
0x0020	0x0012      	RETURN      0
; end of _Delay_1us
_Delay_5500us:
;__Lib_Delays.c,31 :: 		void Delay_5500us() {
;__Lib_Delays.c,32 :: 		Delay_us(5500);
0x0022	0x0E0F      	MOVLW       15
0x0024	0x6E0C      	MOVWF       R12, 0
0x0026	0x0E47      	MOVLW       71
0x0028	0x6E0D      	MOVWF       R13, 0
L_Delay_5500us5:
0x002A	0x2E0D      	DECFSZ      R13, 1, 0
0x002C	0xD7FE      	BRA         L_Delay_5500us5
0x002E	0x2E0C      	DECFSZ      R12, 1, 0
0x0030	0xD7FC      	BRA         L_Delay_5500us5
0x0032	0x0000      	NOP
0x0034	0x0000      	NOP
;__Lib_Delays.c,33 :: 		}
L_end_Delay_5500us:
0x0036	0x0012      	RETURN      0
; end of _Delay_5500us
_Delay_50us:
;__Lib_Delays.c,19 :: 		void Delay_50us() {
;__Lib_Delays.c,20 :: 		Delay_us(50);
0x0038	0x0E21      	MOVLW       33
0x003A	0x6E0D      	MOVWF       R13, 0
L_Delay_50us2:
0x003C	0x2E0D      	DECFSZ      R13, 1, 0
0x003E	0xD7FE      	BRA         L_Delay_50us2
;__Lib_Delays.c,21 :: 		}
L_end_Delay_50us:
0x0040	0x0012      	RETURN      0
; end of _Delay_50us
_Lcd_Cmd:
;__Lib_Lcd.c,18 :: 		
;__Lib_Lcd.c,20 :: 		
0x0042	0x0101      	MOVLB       1
0x0044	0xBFAA      	BTFSC       FARG_Lcd_Cmd_out_char, 7, 1
0x0046	0xD002      	BRA         L__Lcd_Cmd21
0x0048	0x9081      	BCF         LCD_D7, BitPos(LCD_D7+0) 
0x004A	0xD001      	BRA         L__Lcd_Cmd22
L__Lcd_Cmd21:
0x004C	0x8081      	BSF         LCD_D7, BitPos(LCD_D7+0) 
L__Lcd_Cmd22:
;__Lib_Lcd.c,21 :: 		
0x004E	0xBDAA      	BTFSC       FARG_Lcd_Cmd_out_char, 6, 1
0x0050	0xD002      	BRA         L__Lcd_Cmd23
0x0052	0x9281      	BCF         LCD_D6, BitPos(LCD_D6+0) 
0x0054	0xD001      	BRA         L__Lcd_Cmd24
L__Lcd_Cmd23:
0x0056	0x8281      	BSF         LCD_D6, BitPos(LCD_D6+0) 
L__Lcd_Cmd24:
;__Lib_Lcd.c,22 :: 		
0x0058	0xBBAA      	BTFSC       FARG_Lcd_Cmd_out_char, 5, 1
0x005A	0xD002      	BRA         L__Lcd_Cmd25
0x005C	0x9481      	BCF         LCD_D5, BitPos(LCD_D5+0) 
0x005E	0xD001      	BRA         L__Lcd_Cmd26
L__Lcd_Cmd25:
0x0060	0x8481      	BSF         LCD_D5, BitPos(LCD_D5+0) 
L__Lcd_Cmd26:
;__Lib_Lcd.c,23 :: 		
0x0062	0xB9AA      	BTFSC       FARG_Lcd_Cmd_out_char, 4, 1
0x0064	0xD002      	BRA         L__Lcd_Cmd27
0x0066	0x9681      	BCF         LCD_D4, BitPos(LCD_D4+0) 
0x0068	0xD001      	BRA         L__Lcd_Cmd28
L__Lcd_Cmd27:
0x006A	0x8681      	BSF         LCD_D4, BitPos(LCD_D4+0) 
L__Lcd_Cmd28:
;__Lib_Lcd.c,25 :: 		
0x006C	0xB19B      	BTFSC       __Lib_Lcd_cmd_status, BitPos(__Lib_Lcd_cmd_status+0), 1
0x006E	0xD002      	BRA         L__Lcd_Cmd29
0x0070	0x8A81      	BSF         LCD_RS, BitPos(LCD_RS+0) 
0x0072	0xD001      	BRA         L__Lcd_Cmd30
L__Lcd_Cmd29:
0x0074	0x9A81      	BCF         LCD_RS, BitPos(LCD_RS+0) 
L__Lcd_Cmd30:
;__Lib_Lcd.c,28 :: 		
0x0076	0x8881      	BSF         LCD_EN, BitPos(LCD_EN+0) 
;__Lib_Lcd.c,29 :: 		
0x0078	0xDFD1      	RCALL       _Delay_1us
;__Lib_Lcd.c,30 :: 		
0x007A	0x9881      	BCF         LCD_EN, BitPos(LCD_EN+0) 
;__Lib_Lcd.c,33 :: 		
0x007C	0xB7AA      	BTFSC       FARG_Lcd_Cmd_out_char, 3, 1
0x007E	0xD002      	BRA         L__Lcd_Cmd31
0x0080	0x9081      	BCF         LCD_D7, BitPos(LCD_D7+0) 
0x0082	0xD001      	BRA         L__Lcd_Cmd32
L__Lcd_Cmd31:
0x0084	0x8081      	BSF         LCD_D7, BitPos(LCD_D7+0) 
L__Lcd_Cmd32:
;__Lib_Lcd.c,34 :: 		
0x0086	0xB5AA      	BTFSC       FARG_Lcd_Cmd_out_char, 2, 1
0x0088	0xD002      	BRA         L__Lcd_Cmd33
0x008A	0x9281      	BCF         LCD_D6, BitPos(LCD_D6+0) 
0x008C	0xD001      	BRA         L__Lcd_Cmd34
L__Lcd_Cmd33:
0x008E	0x8281      	BSF         LCD_D6, BitPos(LCD_D6+0) 
L__Lcd_Cmd34:
;__Lib_Lcd.c,35 :: 		
0x0090	0xB3AA      	BTFSC       FARG_Lcd_Cmd_out_char, 1, 1
0x0092	0xD002      	BRA         L__Lcd_Cmd35
0x0094	0x9481      	BCF         LCD_D5, BitPos(LCD_D5+0) 
0x0096	0xD001      	BRA         L__Lcd_Cmd36
L__Lcd_Cmd35:
0x0098	0x8481      	BSF         LCD_D5, BitPos(LCD_D5+0) 
L__Lcd_Cmd36:
;__Lib_Lcd.c,36 :: 		
0x009A	0xB1AA      	BTFSC       FARG_Lcd_Cmd_out_char, 0, 1
0x009C	0xD002      	BRA         L__Lcd_Cmd37
0x009E	0x9681      	BCF         LCD_D4, BitPos(LCD_D4+0) 
0x00A0	0xD001      	BRA         L__Lcd_Cmd38
L__Lcd_Cmd37:
0x00A2	0x8681      	BSF         LCD_D4, BitPos(LCD_D4+0) 
L__Lcd_Cmd38:
;__Lib_Lcd.c,38 :: 		
0x00A4	0xB19B      	BTFSC       __Lib_Lcd_cmd_status, BitPos(__Lib_Lcd_cmd_status+0), 1
0x00A6	0xD002      	BRA         L__Lcd_Cmd39
0x00A8	0x8A81      	BSF         LCD_RS, BitPos(LCD_RS+0) 
0x00AA	0xD001      	BRA         L__Lcd_Cmd40
L__Lcd_Cmd39:
0x00AC	0x9A81      	BCF         LCD_RS, BitPos(LCD_RS+0) 
L__Lcd_Cmd40:
;__Lib_Lcd.c,40 :: 		
0x00AE	0x8881      	BSF         LCD_EN, BitPos(LCD_EN+0) 
;__Lib_Lcd.c,41 :: 		
0x00B0	0xDFB5      	RCALL       _Delay_1us
;__Lib_Lcd.c,42 :: 		
0x00B2	0x9881      	BCF         LCD_EN, BitPos(LCD_EN+0) 
;__Lib_Lcd.c,44 :: 		
0x00B4	0xA19B      	BTFSS       __Lib_Lcd_cmd_status, BitPos(__Lib_Lcd_cmd_status+0), 1
0x00B6	0xD002      	BRA         L_Lcd_Cmd0
;__Lib_Lcd.c,45 :: 		
0x00B8	0xDFB4      	RCALL       _Delay_5500us
0x00BA	0xD001      	BRA         L_Lcd_Cmd1
L_Lcd_Cmd0:
;__Lib_Lcd.c,47 :: 		
0x00BC	0xDFBD      	RCALL       _Delay_50us
L_Lcd_Cmd1:
;__Lib_Lcd.c,48 :: 		
L_end_Lcd_Cmd:
0x00BE	0x0012      	RETURN      0
; end of _Lcd_Cmd
_Lcd_Chr_CP:
;__Lib_Lcd.c,50 :: 		
;__Lib_Lcd.c,52 :: 		
0x00C0	0x0101      	MOVLB       1
0x00C2	0x919B      	BCF         __Lib_Lcd_cmd_status, BitPos(__Lib_Lcd_cmd_status+0), 1
;__Lib_Lcd.c,53 :: 		
0x00C4	0xF1AAC1A9  	MOVFF       FARG_Lcd_Chr_CP_out_char, FARG_Lcd_Cmd_out_char
0x00C8	0xDFBC      	RCALL       _Lcd_Cmd
;__Lib_Lcd.c,54 :: 		
0x00CA	0x819B      	BSF         __Lib_Lcd_cmd_status, BitPos(__Lib_Lcd_cmd_status+0), 1
;__Lib_Lcd.c,55 :: 		
L_end_Lcd_Chr_CP:
0x00CC	0x0012      	RETURN      0
; end of _Lcd_Chr_CP
___CC2DW:
;__Lib_System.c,21 :: 		
;__Lib_System.c,23 :: 		
_CC2DL_Loop1:
;__Lib_System.c,24 :: 		
0x00CE	0x0009      	TBLRD*+
;__Lib_System.c,25 :: 		
0x00D0	0xFFE6CFF5  	MOVFF       TABLAT, POSTINC1
;__Lib_System.c,26 :: 		
0x00D4	0x0600      	DECF        R0, 1, 0
;__Lib_System.c,27 :: 		
0x00D6	0xE1FB      	BNZ         _CC2DL_Loop1
;__Lib_System.c,28 :: 		
0x00D8	0x0601      	DECF        R1, 1, 0
;__Lib_System.c,29 :: 		
0x00DA	0xE1F9      	BNZ         _CC2DL_Loop1
;__Lib_System.c,31 :: 		
L_end___CC2DW:
0x00DC	0x0012      	RETURN      0
; end of ___CC2DW
_Lcd_Init:
;__Lib_Lcd.c,84 :: 		
;__Lib_Lcd.c,86 :: 		
0x00DE	0x9893      	BCF         LCD_EN_Direction, BitPos(LCD_EN_Direction+0) 
;__Lib_Lcd.c,87 :: 		
0x00E0	0x9A93      	BCF         LCD_RS_Direction, BitPos(LCD_RS_Direction+0) 
;__Lib_Lcd.c,88 :: 		
0x00E2	0x9693      	BCF         LCD_D4_Direction, BitPos(LCD_D4_Direction+0) 
;__Lib_Lcd.c,89 :: 		
0x00E4	0x9493      	BCF         LCD_D5_Direction, BitPos(LCD_D5_Direction+0) 
;__Lib_Lcd.c,90 :: 		
0x00E6	0x9293      	BCF         LCD_D6_Direction, BitPos(LCD_D6_Direction+0) 
;__Lib_Lcd.c,91 :: 		
0x00E8	0x9093      	BCF         LCD_D7_Direction, BitPos(LCD_D7_Direction+0) 
;__Lib_Lcd.c,93 :: 		
0x00EA	0x9881      	BCF         LCD_EN, BitPos(LCD_EN+0) 
;__Lib_Lcd.c,94 :: 		
0x00EC	0x9A81      	BCF         LCD_RS, BitPos(LCD_RS+0) 
;__Lib_Lcd.c,95 :: 		
0x00EE	0x9081      	BCF         LCD_D7, BitPos(LCD_D7+0) 
;__Lib_Lcd.c,96 :: 		
0x00F0	0x9281      	BCF         LCD_D6, BitPos(LCD_D6+0) 
;__Lib_Lcd.c,97 :: 		
0x00F2	0x9481      	BCF         LCD_D5, BitPos(LCD_D5+0) 
;__Lib_Lcd.c,98 :: 		
0x00F4	0x9681      	BCF         LCD_D4, BitPos(LCD_D4+0) 
;__Lib_Lcd.c,100 :: 		
0x00F6	0xDF95      	RCALL       _Delay_5500us
;__Lib_Lcd.c,101 :: 		
0x00F8	0xDF94      	RCALL       _Delay_5500us
;__Lib_Lcd.c,102 :: 		
0x00FA	0xDF93      	RCALL       _Delay_5500us
;__Lib_Lcd.c,105 :: 		
0x00FC	0x8481      	BSF         LCD_D5, BitPos(LCD_D5+0) 
;__Lib_Lcd.c,106 :: 		
0x00FE	0x8681      	BSF         LCD_D4, BitPos(LCD_D4+0) 
;__Lib_Lcd.c,107 :: 		
0x0100	0x8881      	BSF         LCD_EN, BitPos(LCD_EN+0) 
;__Lib_Lcd.c,108 :: 		
0x0102	0xDF8C      	RCALL       _Delay_1us
;__Lib_Lcd.c,109 :: 		
0x0104	0x9881      	BCF         LCD_EN, BitPos(LCD_EN+0) 
;__Lib_Lcd.c,110 :: 		
0x0106	0xDF8D      	RCALL       _Delay_5500us
;__Lib_Lcd.c,112 :: 		
0x0108	0x8881      	BSF         LCD_EN, BitPos(LCD_EN+0) 
;__Lib_Lcd.c,113 :: 		
0x010A	0xDF88      	RCALL       _Delay_1us
;__Lib_Lcd.c,114 :: 		
0x010C	0x9881      	BCF         LCD_EN, BitPos(LCD_EN+0) 
;__Lib_Lcd.c,115 :: 		
0x010E	0xDF89      	RCALL       _Delay_5500us
;__Lib_Lcd.c,117 :: 		
0x0110	0x8881      	BSF         LCD_EN, BitPos(LCD_EN+0) 
;__Lib_Lcd.c,118 :: 		
0x0112	0xDF84      	RCALL       _Delay_1us
;__Lib_Lcd.c,119 :: 		
0x0114	0x9881      	BCF         LCD_EN, BitPos(LCD_EN+0) 
;__Lib_Lcd.c,120 :: 		
0x0116	0xDF85      	RCALL       _Delay_5500us
;__Lib_Lcd.c,123 :: 		
0x0118	0x9681      	BCF         LCD_D4, BitPos(LCD_D4+0) 
;__Lib_Lcd.c,124 :: 		
0x011A	0x8881      	BSF         LCD_EN, BitPos(LCD_EN+0) 
;__Lib_Lcd.c,125 :: 		
0x011C	0xDF7F      	RCALL       _Delay_1us
;__Lib_Lcd.c,126 :: 		
0x011E	0x9881      	BCF         LCD_EN, BitPos(LCD_EN+0) 
;__Lib_Lcd.c,127 :: 		
0x0120	0xDF80      	RCALL       _Delay_5500us
;__Lib_Lcd.c,130 :: 		
0x0122	0x8881      	BSF         LCD_EN, BitPos(LCD_EN+0) 
;__Lib_Lcd.c,131 :: 		
0x0124	0xDF7B      	RCALL       _Delay_1us
;__Lib_Lcd.c,132 :: 		
0x0126	0x9881      	BCF         LCD_EN, BitPos(LCD_EN+0) 
;__Lib_Lcd.c,134 :: 		
0x0128	0x9481      	BCF         LCD_D5, BitPos(LCD_D5+0) 
;__Lib_Lcd.c,135 :: 		
0x012A	0x8081      	BSF         LCD_D7, BitPos(LCD_D7+0) 
;__Lib_Lcd.c,136 :: 		
0x012C	0x8881      	BSF         LCD_EN, BitPos(LCD_EN+0) 
;__Lib_Lcd.c,137 :: 		
0x012E	0xDF76      	RCALL       _Delay_1us
;__Lib_Lcd.c,138 :: 		
0x0130	0x9881      	BCF         LCD_EN, BitPos(LCD_EN+0) 
;__Lib_Lcd.c,139 :: 		
0x0132	0xDF77      	RCALL       _Delay_5500us
;__Lib_Lcd.c,142 :: 		
0x0134	0x9081      	BCF         LCD_D7, BitPos(LCD_D7+0) 
;__Lib_Lcd.c,143 :: 		
0x0136	0x8681      	BSF         LCD_D4, BitPos(LCD_D4+0) 
;__Lib_Lcd.c,144 :: 		
0x0138	0x8881      	BSF         LCD_EN, BitPos(LCD_EN+0) 
;__Lib_Lcd.c,145 :: 		
0x013A	0xDF70      	RCALL       _Delay_1us
;__Lib_Lcd.c,146 :: 		
0x013C	0x9881      	BCF         LCD_EN, BitPos(LCD_EN+0) 
;__Lib_Lcd.c,148 :: 		
0x013E	0x9681      	BCF         LCD_D4, BitPos(LCD_D4+0) 
;__Lib_Lcd.c,149 :: 		
0x0140	0x8881      	BSF         LCD_EN, BitPos(LCD_EN+0) 
;__Lib_Lcd.c,150 :: 		
0x0142	0xDF6C      	RCALL       _Delay_1us
;__Lib_Lcd.c,151 :: 		
0x0144	0x9881      	BCF         LCD_EN, BitPos(LCD_EN+0) 
;__Lib_Lcd.c,152 :: 		
0x0146	0xDF6D      	RCALL       _Delay_5500us
;__Lib_Lcd.c,155 :: 		
0x0148	0x8881      	BSF         LCD_EN, BitPos(LCD_EN+0) 
;__Lib_Lcd.c,156 :: 		
0x014A	0xDF68      	RCALL       _Delay_1us
;__Lib_Lcd.c,157 :: 		
0x014C	0x9881      	BCF         LCD_EN, BitPos(LCD_EN+0) 
;__Lib_Lcd.c,159 :: 		
0x014E	0x8681      	BSF         LCD_D4, BitPos(LCD_D4+0) 
;__Lib_Lcd.c,160 :: 		
0x0150	0x8881      	BSF         LCD_EN, BitPos(LCD_EN+0) 
;__Lib_Lcd.c,161 :: 		
0x0152	0xDF64      	RCALL       _Delay_1us
;__Lib_Lcd.c,162 :: 		
0x0154	0x9881      	BCF         LCD_EN, BitPos(LCD_EN+0) 
;__Lib_Lcd.c,163 :: 		
0x0156	0xDF65      	RCALL       _Delay_5500us
;__Lib_Lcd.c,166 :: 		
0x0158	0x9681      	BCF         LCD_D4, BitPos(LCD_D4+0) 
;__Lib_Lcd.c,167 :: 		
0x015A	0x8881      	BSF         LCD_EN, BitPos(LCD_EN+0) 
;__Lib_Lcd.c,168 :: 		
0x015C	0xDF5F      	RCALL       _Delay_1us
;__Lib_Lcd.c,169 :: 		
0x015E	0x9881      	BCF         LCD_EN, BitPos(LCD_EN+0) 
;__Lib_Lcd.c,171 :: 		
0x0160	0x8081      	BSF         LCD_D7, BitPos(LCD_D7+0) 
;__Lib_Lcd.c,172 :: 		
0x0162	0x8281      	BSF         LCD_D6, BitPos(LCD_D6+0) 
;__Lib_Lcd.c,173 :: 		
0x0164	0x8481      	BSF         LCD_D5, BitPos(LCD_D5+0) 
;__Lib_Lcd.c,174 :: 		
0x0166	0x8681      	BSF         LCD_D4, BitPos(LCD_D4+0) 
;__Lib_Lcd.c,175 :: 		
0x0168	0x8881      	BSF         LCD_EN, BitPos(LCD_EN+0) 
;__Lib_Lcd.c,176 :: 		
0x016A	0xDF58      	RCALL       _Delay_1us
;__Lib_Lcd.c,177 :: 		
0x016C	0x9881      	BCF         LCD_EN, BitPos(LCD_EN+0) 
;__Lib_Lcd.c,179 :: 		
0x016E	0xDF59      	RCALL       _Delay_5500us
;__Lib_Lcd.c,181 :: 		
0x0170	0x0101      	MOVLB       1
0x0172	0x819B      	BSF         __Lib_Lcd_cmd_status, BitPos(__Lib_Lcd_cmd_status+0), 1
;__Lib_Lcd.c,182 :: 		
L_end_Lcd_Init:
0x0174	0x0012      	RETURN      0
; end of _Lcd_Init
_Lcd_Out:
;__Lib_Lcd.c,184 :: 		
;__Lib_Lcd.c,187 :: 		
0x0176	0xD010      	BRA         L_Lcd_Out11
;__Lib_Lcd.c,188 :: 		
L_Lcd_Out13:
0x0178	0x0E80      	MOVLW       128
0x017A	0x0101      	MOVLB       1
0x017C	0x6FA4      	MOVWF       FARG_Lcd_Out_row, 1
0x017E	0xD01A      	BRA         L_Lcd_Out12
;__Lib_Lcd.c,189 :: 		
L_Lcd_Out14:
0x0180	0x0EC0      	MOVLW       192
0x0182	0x6FA4      	MOVWF       FARG_Lcd_Out_row, 1
0x0184	0xD017      	BRA         L_Lcd_Out12
;__Lib_Lcd.c,190 :: 		
L_Lcd_Out15:
0x0186	0x0E94      	MOVLW       148
0x0188	0x6FA4      	MOVWF       FARG_Lcd_Out_row, 1
0x018A	0xD014      	BRA         L_Lcd_Out12
;__Lib_Lcd.c,191 :: 		
L_Lcd_Out16:
0x018C	0x0ED4      	MOVLW       212
0x018E	0x6FA4      	MOVWF       FARG_Lcd_Out_row, 1
0x0190	0xD011      	BRA         L_Lcd_Out12
;__Lib_Lcd.c,192 :: 		
L_Lcd_Out17:
0x0192	0x0E80      	MOVLW       128
0x0194	0x6FA4      	MOVWF       FARG_Lcd_Out_row, 1
;__Lib_Lcd.c,193 :: 		
0x0196	0xD00E      	BRA         L_Lcd_Out12
L_Lcd_Out11:
0x0198	0x0101      	MOVLB       1
0x019A	0x51A4      	MOVF        FARG_Lcd_Out_row, 0, 1
0x019C	0x0A01      	XORLW       1
0x019E	0xE0EC      	BZ          L_Lcd_Out13
0x01A0	0x51A4      	MOVF        FARG_Lcd_Out_row, 0, 1
0x01A2	0x0A02      	XORLW       2
0x01A4	0xE0ED      	BZ          L_Lcd_Out14
0x01A6	0x51A4      	MOVF        FARG_Lcd_Out_row, 0, 1
0x01A8	0x0A03      	XORLW       3
0x01AA	0xE0ED      	BZ          L_Lcd_Out15
0x01AC	0x51A4      	MOVF        FARG_Lcd_Out_row, 0, 1
0x01AE	0x0A04      	XORLW       4
0x01B0	0xE0ED      	BZ          L_Lcd_Out16
0x01B2	0xD7EF      	BRA         L_Lcd_Out17
L_Lcd_Out12:
;__Lib_Lcd.c,194 :: 		
0x01B4	0x05A5      	DECF        FARG_Lcd_Out_column, 0, 1
0x01B6	0x6E00      	MOVWF       R0 
0x01B8	0x51A4      	MOVF        FARG_Lcd_Out_row, 0, 1
0x01BA	0x2600      	ADDWF       R0, 1 
0x01BC	0xF1A4C000  	MOVFF       R0, FARG_Lcd_Out_row
;__Lib_Lcd.c,196 :: 		
0x01C0	0xF1AAC000  	MOVFF       R0, FARG_Lcd_Cmd_out_char
0x01C4	0xDF3E      	RCALL       _Lcd_Cmd
;__Lib_Lcd.c,197 :: 		
0x01C6	0x919B      	BCF         __Lib_Lcd_cmd_status, BitPos(__Lib_Lcd_cmd_status+0), 1
;__Lib_Lcd.c,198 :: 		
0x01C8	0x6BA8      	CLRF        Lcd_Out_i_L0, 1
;__Lib_Lcd.c,199 :: 		
L_Lcd_Out18:
0x01CA	0x51A8      	MOVF        Lcd_Out_i_L0, 0, 1
0x01CC	0x25A6      	ADDWF       FARG_Lcd_Out_text, 0, 1
0x01CE	0x6EE9      	MOVWF       FSR0L 
0x01D0	0x0E00      	MOVLW       0
0x01D2	0x21A7      	ADDWFC      FARG_Lcd_Out_text+1, 0, 1
0x01D4	0x6EEA      	MOVWF       FSR0L+1 
0x01D6	0x52EE      	MOVF        POSTINC0, 1 
0x01D8	0xE00B      	BZ          L_Lcd_Out19
;__Lib_Lcd.c,200 :: 		
0x01DA	0x51A8      	MOVF        Lcd_Out_i_L0, 0, 1
0x01DC	0x25A6      	ADDWF       FARG_Lcd_Out_text, 0, 1
0x01DE	0x6EE9      	MOVWF       FSR0L 
0x01E0	0x0E00      	MOVLW       0
0x01E2	0x21A7      	ADDWFC      FARG_Lcd_Out_text+1, 0, 1
0x01E4	0x6EEA      	MOVWF       FSR0L+1 
0x01E6	0xF1A9CFEE  	MOVFF       POSTINC0, FARG_Lcd_Chr_CP_out_char
0x01EA	0xDF6A      	RCALL       _Lcd_Chr_CP
0x01EC	0x2BA8      	INCF        Lcd_Out_i_L0, 1, 1
0x01EE	0xD7ED      	BRA         L_Lcd_Out18
L_Lcd_Out19:
;__Lib_Lcd.c,201 :: 		
0x01F0	0x819B      	BSF         __Lib_Lcd_cmd_status, BitPos(__Lib_Lcd_cmd_status+0), 1
;__Lib_Lcd.c,202 :: 		
L_end_Lcd_Out:
0x01F2	0x0012      	RETURN      0
; end of _Lcd_Out
_main:
0x01F4	0xF004EC82  	CALL        2308, 0
;IHM.c,16 :: 		void main() {
;IHM.c,35 :: 		tela = 1;
0x01F8	0x0E01      	MOVLW       1
0x01FA	0x0101      	MOVLB       1
0x01FC	0x6F9F      	MOVWF       main_Tela_L0, 1
;IHM.c,36 :: 		controleC0 = 0;
0x01FE	0x6B9C      	CLRF        main_controleC0_L0, 1
;IHM.c,37 :: 		controleC1 = 0;
0x0200	0x6B9D      	CLRF        main_controleC1_L0, 1
;IHM.c,38 :: 		controleD0 = 0;
0x0202	0x6B9E      	CLRF        main_controleD0_L0, 1
;IHM.c,39 :: 		Alterna = 0;
0x0204	0x6BA0      	CLRF        main_Alterna_L0, 1
;IHM.c,40 :: 		T1 = 0;
0x0206	0x6BA1      	CLRF        main_T1_L0, 1
;IHM.c,41 :: 		T2 = 0;
0x0208	0x6BA2      	CLRF        main_T2_L0, 1
;IHM.c,42 :: 		T3 = 0;
0x020A	0x6BA3      	CLRF        main_T3_L0, 1
;IHM.c,46 :: 		ADCON1 = 0b00001111;  //Configura todos os pinos como digitais
0x020C	0x0E0F      	MOVLW       15
0x020E	0x6EC1      	MOVWF       ADCON1 
;IHM.c,48 :: 		TRISC.RC0 = 1;     //Configura RC0 como entrada
0x0210	0x8094      	BSF         TRISC, 0 
;IHM.c,49 :: 		TRISC.RC1 = 1;     //Configura RC1 como entrada
0x0212	0x8294      	BSF         TRISC, 1 
;IHM.c,50 :: 		TRISD.RD0 = 1;     //Configura RD0 como entrada
0x0214	0x8095      	BSF         TRISD, 0 
;IHM.c,51 :: 		TRISA.RA0 = 0;     //Configura RA0 como saída
0x0216	0x9092      	BCF         TRISA, 0 
;IHM.c,52 :: 		TRISA.RA1 = 0;     //Configura RA1 como saída
0x0218	0x9292      	BCF         TRISA, 1 
;IHM.c,54 :: 		PORTA.RA0 = 0;     //Inicializa RA0 com nível baixo
0x021A	0x9080      	BCF         PORTA, 0 
;IHM.c,55 :: 		PORTA.RA1 = 0;     //Inicializa RA1 com nível baixo
0x021C	0x9280      	BCF         PORTA, 1 
;IHM.c,58 :: 		Lcd_Init();                            //Inicializa o módulo LCD
0x021E	0xDF5F      	RCALL       _Lcd_Init
;IHM.c,59 :: 		Lcd_Cmd(_LCD_Clear);                   //Limpa o display LCD
0x0220	0x0E01      	MOVLW       1
0x0222	0x6FAA      	MOVWF       FARG_Lcd_Cmd_out_char, 1
0x0224	0xDF0E      	RCALL       _Lcd_Cmd
;IHM.c,60 :: 		Lcd_Cmd(_LCD_Cursor_off);              //Desabilita cursor do LCD
0x0226	0x0E0C      	MOVLW       12
0x0228	0x6FAA      	MOVWF       FARG_Lcd_Cmd_out_char, 1
0x022A	0xDF0B      	RCALL       _Lcd_Cmd
;IHM.c,61 :: 		Lcd_Out(1,1, "Inicializando...");      //Mensagem inicial
0x022C	0x0E01      	MOVLW       1
0x022E	0x6FA4      	MOVWF       FARG_Lcd_Out_row, 1
0x0230	0x0E01      	MOVLW       1
0x0232	0x6FA5      	MOVWF       FARG_Lcd_Out_column, 1
0x0234	0x0E96      	MOVLW       ?lstr1_IHM
0x0236	0x6FA6      	MOVWF       FARG_Lcd_Out_text, 1
0x0238	0x0E00      	MOVLW       hi_addr(?lstr1_IHM)
0x023A	0x6FA7      	MOVWF       FARG_Lcd_Out_text+1, 1
0x023C	0xDF9C      	RCALL       _Lcd_Out
;IHM.c,62 :: 		Delay_ms(3000);                        //Intervalo de tempo
0x023E	0x0E1F      	MOVLW       31
0x0240	0x6E0B      	MOVWF       R11, 0
0x0242	0x0E71      	MOVLW       113
0x0244	0x6E0C      	MOVWF       R12, 0
0x0246	0x0E1E      	MOVLW       30
0x0248	0x6E0D      	MOVWF       R13, 0
L_main0:
0x024A	0x2E0D      	DECFSZ      R13, 1, 0
0x024C	0xD7FE      	BRA         L_main0
0x024E	0x2E0C      	DECFSZ      R12, 1, 0
0x0250	0xD7FC      	BRA         L_main0
0x0252	0x2E0B      	DECFSZ      R11, 1, 0
0x0254	0xD7FA      	BRA         L_main0
0x0256	0x0000      	NOP
;IHM.c,63 :: 		Lcd_cmd(_LCD_Clear);                   //Limpa o display LCD
0x0258	0x0E01      	MOVLW       1
0x025A	0x6FAA      	MOVWF       FARG_Lcd_Cmd_out_char, 1
0x025C	0xDEF2      	RCALL       _Lcd_Cmd
;IHM.c,64 :: 		Lcd_Out(1,2, "Liga");
0x025E	0x0E01      	MOVLW       1
0x0260	0x6FA4      	MOVWF       FARG_Lcd_Out_row, 1
0x0262	0x0E02      	MOVLW       2
0x0264	0x6FA5      	MOVWF       FARG_Lcd_Out_column, 1
0x0266	0x0E91      	MOVLW       ?lstr2_IHM
0x0268	0x6FA6      	MOVWF       FARG_Lcd_Out_text, 1
0x026A	0x0E00      	MOVLW       hi_addr(?lstr2_IHM)
0x026C	0x6FA7      	MOVWF       FARG_Lcd_Out_text+1, 1
0x026E	0xDF83      	RCALL       _Lcd_Out
;IHM.c,65 :: 		Lcd_Out(2,2, "Desliga");
0x0270	0x0E02      	MOVLW       2
0x0272	0x6FA4      	MOVWF       FARG_Lcd_Out_row, 1
0x0274	0x0E02      	MOVLW       2
0x0276	0x6FA5      	MOVWF       FARG_Lcd_Out_column, 1
0x0278	0x0E89      	MOVLW       ?lstr3_IHM
0x027A	0x6FA6      	MOVWF       FARG_Lcd_Out_text, 1
0x027C	0x0E00      	MOVLW       hi_addr(?lstr3_IHM)
0x027E	0x6FA7      	MOVWF       FARG_Lcd_Out_text+1, 1
0x0280	0xDF7A      	RCALL       _Lcd_Out
;IHM.c,68 :: 		while(1){
L_main1:
;IHM.c,72 :: 		if(tela == 1){
0x0282	0x519F      	MOVF        main_Tela_L0, 0, 1
0x0284	0x0A01      	XORLW       1
0x0286	0xE158      	BNZ         L_main3
;IHM.c,73 :: 		Lcd_Out(1,2, "Liga");
0x0288	0x0E01      	MOVLW       1
0x028A	0x6FA4      	MOVWF       FARG_Lcd_Out_row, 1
0x028C	0x0E02      	MOVLW       2
0x028E	0x6FA5      	MOVWF       FARG_Lcd_Out_column, 1
0x0290	0x0EA7      	MOVLW       ?lstr4_IHM
0x0292	0x6FA6      	MOVWF       FARG_Lcd_Out_text, 1
0x0294	0x0E00      	MOVLW       hi_addr(?lstr4_IHM)
0x0296	0x6FA7      	MOVWF       FARG_Lcd_Out_text+1, 1
0x0298	0xDF6E      	RCALL       _Lcd_Out
;IHM.c,74 :: 		Lcd_Out(2,2, "Desliga");
0x029A	0x0E02      	MOVLW       2
0x029C	0x6FA4      	MOVWF       FARG_Lcd_Out_row, 1
0x029E	0x0E02      	MOVLW       2
0x02A0	0x6FA5      	MOVWF       FARG_Lcd_Out_column, 1
0x02A2	0x0ECE      	MOVLW       ?lstr5_IHM
0x02A4	0x6FA6      	MOVWF       FARG_Lcd_Out_text, 1
0x02A6	0x0E00      	MOVLW       hi_addr(?lstr5_IHM)
0x02A8	0x6FA7      	MOVWF       FARG_Lcd_Out_text+1, 1
0x02AA	0xDF65      	RCALL       _Lcd_Out
;IHM.c,75 :: 		if(PORTC.RC0 == 1 && controleC0 == 0){
0x02AC	0xA082      	BTFSS       PORTC, 0 
0x02AE	0xD03E      	BRA         L_main6
0x02B0	0x519C      	MOVF        main_controleC0_L0, 0, 1
0x02B2	0x0A00      	XORLW       0
0x02B4	0xE13B      	BNZ         L_main6
L__main137:
;IHM.c,76 :: 		if(Alterna == 0 && controleC0 == 0){
0x02B6	0x51A0      	MOVF        main_Alterna_L0, 0, 1
0x02B8	0x0A00      	XORLW       0
0x02BA	0xE11B      	BNZ         L_main9
0x02BC	0x519C      	MOVF        main_controleC0_L0, 0, 1
0x02BE	0x0A00      	XORLW       0
0x02C0	0xE118      	BNZ         L_main9
L__main136:
;IHM.c,77 :: 		Lcd_Out(1,1, ">Liga    [ENTER]");
0x02C2	0x0E01      	MOVLW       1
0x02C4	0x6FA4      	MOVWF       FARG_Lcd_Out_row, 1
0x02C6	0x0E01      	MOVLW       1
0x02C8	0x6FA5      	MOVWF       FARG_Lcd_Out_column, 1
0x02CA	0x0EBD      	MOVLW       ?lstr6_IHM
0x02CC	0x6FA6      	MOVWF       FARG_Lcd_Out_text, 1
0x02CE	0x0E00      	MOVLW       hi_addr(?lstr6_IHM)
0x02D0	0x6FA7      	MOVWF       FARG_Lcd_Out_text+1, 1
0x02D2	0xDF51      	RCALL       _Lcd_Out
;IHM.c,78 :: 		Lcd_Out(2,1, " Desliga        ");
0x02D4	0x0E02      	MOVLW       2
0x02D6	0x6FA4      	MOVWF       FARG_Lcd_Out_row, 1
0x02D8	0x0E01      	MOVLW       1
0x02DA	0x6FA5      	MOVWF       FARG_Lcd_Out_column, 1
0x02DC	0x0EAC      	MOVLW       ?lstr7_IHM
0x02DE	0x6FA6      	MOVWF       FARG_Lcd_Out_text, 1
0x02E0	0x0E00      	MOVLW       hi_addr(?lstr7_IHM)
0x02E2	0x6FA7      	MOVWF       FARG_Lcd_Out_text+1, 1
0x02E4	0xDF48      	RCALL       _Lcd_Out
;IHM.c,79 :: 		Alterna = 1;
0x02E6	0x0E01      	MOVLW       1
0x02E8	0x6FA0      	MOVWF       main_Alterna_L0, 1
;IHM.c,80 :: 		controleC0 = 1;
0x02EA	0x0E01      	MOVLW       1
0x02EC	0x6F9C      	MOVWF       main_controleC0_L0, 1
;IHM.c,81 :: 		T1 = 1;
0x02EE	0x0E01      	MOVLW       1
0x02F0	0x6FA1      	MOVWF       main_T1_L0, 1
;IHM.c,82 :: 		}
L_main9:
;IHM.c,83 :: 		if(Alterna == 1 && controleC0 == 0){
0x02F2	0x51A0      	MOVF        main_Alterna_L0, 0, 1
0x02F4	0x0A01      	XORLW       1
0x02F6	0xE11A      	BNZ         L_main12
0x02F8	0x519C      	MOVF        main_controleC0_L0, 0, 1
0x02FA	0x0A00      	XORLW       0
0x02FC	0xE117      	BNZ         L_main12
L__main135:
;IHM.c,84 :: 		Lcd_Out(1,1, " Liga           ");
0x02FE	0x0E01      	MOVLW       1
0x0300	0x6FA4      	MOVWF       FARG_Lcd_Out_row, 1
0x0302	0x0E01      	MOVLW       1
0x0304	0x6FA5      	MOVWF       FARG_Lcd_Out_column, 1
0x0306	0x0E78      	MOVLW       ?lstr8_IHM
0x0308	0x6FA6      	MOVWF       FARG_Lcd_Out_text, 1
0x030A	0x0E00      	MOVLW       hi_addr(?lstr8_IHM)
0x030C	0x6FA7      	MOVWF       FARG_Lcd_Out_text+1, 1
0x030E	0xDF33      	RCALL       _Lcd_Out
;IHM.c,85 :: 		Lcd_Out(2,1, ">Desliga [ENTER]");
0x0310	0x0E02      	MOVLW       2
0x0312	0x6FA4      	MOVWF       FARG_Lcd_Out_row, 1
0x0314	0x0E01      	MOVLW       1
0x0316	0x6FA5      	MOVWF       FARG_Lcd_Out_column, 1
0x0318	0x0E23      	MOVLW       ?lstr9_IHM
0x031A	0x6FA6      	MOVWF       FARG_Lcd_Out_text, 1
0x031C	0x0E00      	MOVLW       hi_addr(?lstr9_IHM)
0x031E	0x6FA7      	MOVWF       FARG_Lcd_Out_text+1, 1
0x0320	0xDF2A      	RCALL       _Lcd_Out
;IHM.c,86 :: 		Alterna = 0;
0x0322	0x6BA0      	CLRF        main_Alterna_L0, 1
;IHM.c,87 :: 		controleC0 = 1;
0x0324	0x0E01      	MOVLW       1
0x0326	0x6F9C      	MOVWF       main_controleC0_L0, 1
;IHM.c,88 :: 		T1 = 2;
0x0328	0x0E02      	MOVLW       2
0x032A	0x6FA1      	MOVWF       main_T1_L0, 1
;IHM.c,89 :: 		}
L_main12:
;IHM.c,90 :: 		}
L_main6:
;IHM.c,91 :: 		if(PORTC.RC0 == 0 && controleC0 == 1){
0x032C	0xB082      	BTFSC       PORTC, 0 
0x032E	0xD004      	BRA         L_main15
0x0330	0x519C      	MOVF        main_controleC0_L0, 0, 1
0x0332	0x0A01      	XORLW       1
0x0334	0xB4D8      	BTFSC       STATUS, 2 
L__main134:
;IHM.c,92 :: 		controleC0 = 0;
0x0336	0x6B9C      	CLRF        main_controleC0_L0, 1
;IHM.c,93 :: 		}
L_main15:
;IHM.c,94 :: 		}
L_main3:
;IHM.c,96 :: 		if(tela == 2){
0x0338	0x519F      	MOVF        main_Tela_L0, 0, 1
0x033A	0x0A02      	XORLW       2
0x033C	0xE15E      	BNZ         L_main16
;IHM.c,97 :: 		Lcd_Out(1,11, "LED 1 ");
0x033E	0x0E01      	MOVLW       1
0x0340	0x6FA4      	MOVWF       FARG_Lcd_Out_row, 1
0x0342	0x0E0B      	MOVLW       11
0x0344	0x6FA5      	MOVWF       FARG_Lcd_Out_column, 1
0x0346	0x0E1C      	MOVLW       ?lstr10_IHM
0x0348	0x6FA6      	MOVWF       FARG_Lcd_Out_text, 1
0x034A	0x0E00      	MOVLW       hi_addr(?lstr10_IHM)
0x034C	0x6FA7      	MOVWF       FARG_Lcd_Out_text+1, 1
0x034E	0xDF13      	RCALL       _Lcd_Out
;IHM.c,98 :: 		Lcd_Out(2,11, "LED 2 ");
0x0350	0x0E02      	MOVLW       2
0x0352	0x6FA4      	MOVWF       FARG_Lcd_Out_row, 1
0x0354	0x0E0B      	MOVLW       11
0x0356	0x6FA5      	MOVWF       FARG_Lcd_Out_column, 1
0x0358	0x0E15      	MOVLW       ?lstr11_IHM
0x035A	0x6FA6      	MOVWF       FARG_Lcd_Out_text, 1
0x035C	0x0E00      	MOVLW       hi_addr(?lstr11_IHM)
0x035E	0x6FA7      	MOVWF       FARG_Lcd_Out_text+1, 1
0x0360	0xDF0A      	RCALL       _Lcd_Out
;IHM.c,99 :: 		if(PORTC.RC0 == 1 && controleC0 == 0){
0x0362	0xA082      	BTFSS       PORTC, 0 
0x0364	0xD044      	BRA         L_main19
0x0366	0x519C      	MOVF        main_controleC0_L0, 0, 1
0x0368	0x0A00      	XORLW       0
0x036A	0xE141      	BNZ         L_main19
L__main133:
;IHM.c,100 :: 		if(Alterna == 0 && controleC0 == 0){
0x036C	0x51A0      	MOVF        main_Alterna_L0, 0, 1
0x036E	0x0A00      	XORLW       0
0x0370	0xE11E      	BNZ         L_main22
0x0372	0x519C      	MOVF        main_controleC0_L0, 0, 1
0x0374	0x0A00      	XORLW       0
0x0376	0xE11B      	BNZ         L_main22
L__main132:
;IHM.c,101 :: 		Lcd_cmd(_LCD_Clear);
0x0378	0x0E01      	MOVLW       1
0x037A	0x6FAA      	MOVWF       FARG_Lcd_Cmd_out_char, 1
0x037C	0xDE62      	RCALL       _Lcd_Cmd
;IHM.c,102 :: 		Lcd_Out(1,1, " Liga    >LED 1 ");
0x037E	0x0E01      	MOVLW       1
0x0380	0x6FA4      	MOVWF       FARG_Lcd_Out_row, 1
0x0382	0x0E01      	MOVLW       1
0x0384	0x6FA5      	MOVWF       FARG_Lcd_Out_column, 1
0x0386	0x0E34      	MOVLW       ?lstr12_IHM
0x0388	0x6FA6      	MOVWF       FARG_Lcd_Out_text, 1
0x038A	0x0E00      	MOVLW       hi_addr(?lstr12_IHM)
0x038C	0x6FA7      	MOVWF       FARG_Lcd_Out_text+1, 1
0x038E	0xDEF3      	RCALL       _Lcd_Out
;IHM.c,103 :: 		Lcd_Out(2,1, "          LED 2 ");
0x0390	0x0E02      	MOVLW       2
0x0392	0x6FA4      	MOVWF       FARG_Lcd_Out_row, 1
0x0394	0x0E01      	MOVLW       1
0x0396	0x6FA5      	MOVWF       FARG_Lcd_Out_column, 1
0x0398	0x0E67      	MOVLW       ?lstr13_IHM
0x039A	0x6FA6      	MOVWF       FARG_Lcd_Out_text, 1
0x039C	0x0E00      	MOVLW       hi_addr(?lstr13_IHM)
0x039E	0x6FA7      	MOVWF       FARG_Lcd_Out_text+1, 1
0x03A0	0xDEEA      	RCALL       _Lcd_Out
;IHM.c,104 :: 		Alterna = 1;
0x03A2	0x0E01      	MOVLW       1
0x03A4	0x6FA0      	MOVWF       main_Alterna_L0, 1
;IHM.c,105 :: 		controleC0 = 1;
0x03A6	0x0E01      	MOVLW       1
0x03A8	0x6F9C      	MOVWF       main_controleC0_L0, 1
;IHM.c,106 :: 		T2 = 1;
0x03AA	0x0E01      	MOVLW       1
0x03AC	0x6FA2      	MOVWF       main_T2_L0, 1
;IHM.c,107 :: 		}
L_main22:
;IHM.c,108 :: 		if(Alterna == 1 && controleC0 == 0){
0x03AE	0x51A0      	MOVF        main_Alterna_L0, 0, 1
0x03B0	0x0A01      	XORLW       1
0x03B2	0xE11D      	BNZ         L_main25
0x03B4	0x519C      	MOVF        main_controleC0_L0, 0, 1
0x03B6	0x0A00      	XORLW       0
0x03B8	0xE11A      	BNZ         L_main25
L__main131:
;IHM.c,109 :: 		Lcd_cmd(_LCD_Clear);
0x03BA	0x0E01      	MOVLW       1
0x03BC	0x6FAA      	MOVWF       FARG_Lcd_Cmd_out_char, 1
0x03BE	0xDE41      	RCALL       _Lcd_Cmd
;IHM.c,110 :: 		Lcd_Out(1,1, "          LED 1 ");
0x03C0	0x0E01      	MOVLW       1
0x03C2	0x6FA4      	MOVWF       FARG_Lcd_Out_row, 1
0x03C4	0x0E01      	MOVLW       1
0x03C6	0x6FA5      	MOVWF       FARG_Lcd_Out_column, 1
0x03C8	0x0E56      	MOVLW       ?lstr14_IHM
0x03CA	0x6FA6      	MOVWF       FARG_Lcd_Out_text, 1
0x03CC	0x0E00      	MOVLW       hi_addr(?lstr14_IHM)
0x03CE	0x6FA7      	MOVWF       FARG_Lcd_Out_text+1, 1
0x03D0	0xDED2      	RCALL       _Lcd_Out
;IHM.c,111 :: 		Lcd_Out(2,1, " Liga    >LED 2 ");
0x03D2	0x0E02      	MOVLW       2
0x03D4	0x6FA4      	MOVWF       FARG_Lcd_Out_row, 1
0x03D6	0x0E01      	MOVLW       1
0x03D8	0x6FA5      	MOVWF       FARG_Lcd_Out_column, 1
0x03DA	0x0E45      	MOVLW       ?lstr15_IHM
0x03DC	0x6FA6      	MOVWF       FARG_Lcd_Out_text, 1
0x03DE	0x0E00      	MOVLW       hi_addr(?lstr15_IHM)
0x03E0	0x6FA7      	MOVWF       FARG_Lcd_Out_text+1, 1
0x03E2	0xDEC9      	RCALL       _Lcd_Out
;IHM.c,112 :: 		Alterna = 0;
0x03E4	0x6BA0      	CLRF        main_Alterna_L0, 1
;IHM.c,113 :: 		controleC0 = 1;
0x03E6	0x0E01      	MOVLW       1
0x03E8	0x6F9C      	MOVWF       main_controleC0_L0, 1
;IHM.c,114 :: 		T2 = 2;
0x03EA	0x0E02      	MOVLW       2
0x03EC	0x6FA2      	MOVWF       main_T2_L0, 1
;IHM.c,115 :: 		}
L_main25:
;IHM.c,116 :: 		}
L_main19:
;IHM.c,117 :: 		if(PORTC.RC0 == 0 && controleC0 == 1){
0x03EE	0xB082      	BTFSC       PORTC, 0 
0x03F0	0xD004      	BRA         L_main28
0x03F2	0x519C      	MOVF        main_controleC0_L0, 0, 1
0x03F4	0x0A01      	XORLW       1
0x03F6	0xB4D8      	BTFSC       STATUS, 2 
L__main130:
;IHM.c,118 :: 		controleC0 = 0;
0x03F8	0x6B9C      	CLRF        main_controleC0_L0, 1
;IHM.c,119 :: 		}
L_main28:
;IHM.c,120 :: 		}
L_main16:
;IHM.c,122 :: 		if(tela == 3){
0x03FA	0x519F      	MOVF        main_Tela_L0, 0, 1
0x03FC	0x0A03      	XORLW       3
0x03FE	0xE15E      	BNZ         L_main29
;IHM.c,123 :: 		Lcd_Out(1,11, "LED 1 ");
0x0400	0x0E01      	MOVLW       1
0x0402	0x6FA4      	MOVWF       FARG_Lcd_Out_row, 1
0x0404	0x0E0B      	MOVLW       11
0x0406	0x6FA5      	MOVWF       FARG_Lcd_Out_column, 1
0x0408	0x0E6B      	MOVLW       ?lstr16_IHM
0x040A	0x6FA6      	MOVWF       FARG_Lcd_Out_text, 1
0x040C	0x0E01      	MOVLW       hi_addr(?lstr16_IHM)
0x040E	0x6FA7      	MOVWF       FARG_Lcd_Out_text+1, 1
0x0410	0xDEB2      	RCALL       _Lcd_Out
;IHM.c,124 :: 		Lcd_Out(2,11, "LED 2 ");
0x0412	0x0E02      	MOVLW       2
0x0414	0x6FA4      	MOVWF       FARG_Lcd_Out_row, 1
0x0416	0x0E0B      	MOVLW       11
0x0418	0x6FA5      	MOVWF       FARG_Lcd_Out_column, 1
0x041A	0x0E72      	MOVLW       ?lstr17_IHM
0x041C	0x6FA6      	MOVWF       FARG_Lcd_Out_text, 1
0x041E	0x0E01      	MOVLW       hi_addr(?lstr17_IHM)
0x0420	0x6FA7      	MOVWF       FARG_Lcd_Out_text+1, 1
0x0422	0xDEA9      	RCALL       _Lcd_Out
;IHM.c,125 :: 		if(PORTC.RC0 == 1 && controleC0 == 0){
0x0424	0xA082      	BTFSS       PORTC, 0 
0x0426	0xD044      	BRA         L_main32
0x0428	0x519C      	MOVF        main_controleC0_L0, 0, 1
0x042A	0x0A00      	XORLW       0
0x042C	0xE141      	BNZ         L_main32
L__main129:
;IHM.c,126 :: 		if(Alterna == 0 && controleC0 == 0){
0x042E	0x51A0      	MOVF        main_Alterna_L0, 0, 1
0x0430	0x0A00      	XORLW       0
0x0432	0xE11E      	BNZ         L_main35
0x0434	0x519C      	MOVF        main_controleC0_L0, 0, 1
0x0436	0x0A00      	XORLW       0
0x0438	0xE11B      	BNZ         L_main35
L__main128:
;IHM.c,127 :: 		Lcd_cmd(_LCD_Clear);
0x043A	0x0E01      	MOVLW       1
0x043C	0x6FAA      	MOVWF       FARG_Lcd_Cmd_out_char, 1
0x043E	0xDE01      	RCALL       _Lcd_Cmd
;IHM.c,128 :: 		Lcd_Out(1,1, " Desliga >LED 1 ");
0x0440	0x0E01      	MOVLW       1
0x0442	0x6FA4      	MOVWF       FARG_Lcd_Out_row, 1
0x0444	0x0E01      	MOVLW       1
0x0446	0x6FA5      	MOVWF       FARG_Lcd_Out_column, 1
0x0448	0x0E5A      	MOVLW       ?lstr18_IHM
0x044A	0x6FA6      	MOVWF       FARG_Lcd_Out_text, 1
0x044C	0x0E01      	MOVLW       hi_addr(?lstr18_IHM)
0x044E	0x6FA7      	MOVWF       FARG_Lcd_Out_text+1, 1
0x0450	0xDE92      	RCALL       _Lcd_Out
;IHM.c,129 :: 		Lcd_Out(2,1, "          LED 2 ");
0x0452	0x0E02      	MOVLW       2
0x0454	0x6FA4      	MOVWF       FARG_Lcd_Out_row, 1
0x0456	0x0E01      	MOVLW       1
0x0458	0x6FA5      	MOVWF       FARG_Lcd_Out_column, 1
0x045A	0x0E38      	MOVLW       ?lstr19_IHM
0x045C	0x6FA6      	MOVWF       FARG_Lcd_Out_text, 1
0x045E	0x0E01      	MOVLW       hi_addr(?lstr19_IHM)
0x0460	0x6FA7      	MOVWF       FARG_Lcd_Out_text+1, 1
0x0462	0xDE89      	RCALL       _Lcd_Out
;IHM.c,130 :: 		Alterna = 1;
0x0464	0x0E01      	MOVLW       1
0x0466	0x6FA0      	MOVWF       main_Alterna_L0, 1
;IHM.c,131 :: 		controleC0 = 1;
0x0468	0x0E01      	MOVLW       1
0x046A	0x6F9C      	MOVWF       main_controleC0_L0, 1
;IHM.c,132 :: 		T3 = 1;
0x046C	0x0E01      	MOVLW       1
0x046E	0x6FA3      	MOVWF       main_T3_L0, 1
;IHM.c,133 :: 		}
L_main35:
;IHM.c,134 :: 		if(Alterna == 1 && controleC0 == 0){
0x0470	0x51A0      	MOVF        main_Alterna_L0, 0, 1
0x0472	0x0A01      	XORLW       1
0x0474	0xE11D      	BNZ         L_main38
0x0476	0x519C      	MOVF        main_controleC0_L0, 0, 1
0x0478	0x0A00      	XORLW       0
0x047A	0xE11A      	BNZ         L_main38
L__main127:
;IHM.c,135 :: 		Lcd_cmd(_LCD_Clear);
0x047C	0x0E01      	MOVLW       1
0x047E	0x6FAA      	MOVWF       FARG_Lcd_Cmd_out_char, 1
0x0480	0xDDE0      	RCALL       _Lcd_Cmd
;IHM.c,136 :: 		Lcd_Out(1,1, "          LED 1 ");
0x0482	0x0E01      	MOVLW       1
0x0484	0x6FA4      	MOVWF       FARG_Lcd_Out_row, 1
0x0486	0x0E01      	MOVLW       1
0x0488	0x6FA5      	MOVWF       FARG_Lcd_Out_column, 1
0x048A	0x0E49      	MOVLW       ?lstr20_IHM
0x048C	0x6FA6      	MOVWF       FARG_Lcd_Out_text, 1
0x048E	0x0E01      	MOVLW       hi_addr(?lstr20_IHM)
0x0490	0x6FA7      	MOVWF       FARG_Lcd_Out_text+1, 1
0x0492	0xDE71      	RCALL       _Lcd_Out
;IHM.c,137 :: 		Lcd_Out(2,1, " Desliga >LED 2 ");
0x0494	0x0E02      	MOVLW       2
0x0496	0x6FA4      	MOVWF       FARG_Lcd_Out_row, 1
0x0498	0x0E01      	MOVLW       1
0x049A	0x6FA5      	MOVWF       FARG_Lcd_Out_column, 1
0x049C	0x0E8A      	MOVLW       ?lstr21_IHM
0x049E	0x6FA6      	MOVWF       FARG_Lcd_Out_text, 1
0x04A0	0x0E01      	MOVLW       hi_addr(?lstr21_IHM)
0x04A2	0x6FA7      	MOVWF       FARG_Lcd_Out_text+1, 1
0x04A4	0xDE68      	RCALL       _Lcd_Out
;IHM.c,138 :: 		Alterna = 0;
0x04A6	0x6BA0      	CLRF        main_Alterna_L0, 1
;IHM.c,139 :: 		controleC0 = 1;
0x04A8	0x0E01      	MOVLW       1
0x04AA	0x6F9C      	MOVWF       main_controleC0_L0, 1
;IHM.c,140 :: 		T3 = 2;
0x04AC	0x0E02      	MOVLW       2
0x04AE	0x6FA3      	MOVWF       main_T3_L0, 1
;IHM.c,141 :: 		}
L_main38:
;IHM.c,142 :: 		}
L_main32:
;IHM.c,143 :: 		if(PORTC.RC0 == 0 && controleC0 == 1){
0x04B0	0xB082      	BTFSC       PORTC, 0 
0x04B2	0xD004      	BRA         L_main41
0x04B4	0x519C      	MOVF        main_controleC0_L0, 0, 1
0x04B6	0x0A01      	XORLW       1
0x04B8	0xB4D8      	BTFSC       STATUS, 2 
L__main126:
;IHM.c,144 :: 		controleC0 = 0;
0x04BA	0x6B9C      	CLRF        main_controleC0_L0, 1
;IHM.c,145 :: 		}
L_main41:
;IHM.c,146 :: 		}
L_main29:
;IHM.c,149 :: 		if(tela == 1){
0x04BC	0x519F      	MOVF        main_Tela_L0, 0, 1
0x04BE	0x0A01      	XORLW       1
0x04C0	0xE127      	BNZ         L_main42
;IHM.c,150 :: 		if(PORTC.RC1 == 1 && controleC1 == 0){
0x04C2	0xA282      	BTFSS       PORTC, 1 
0x04C4	0xD01F      	BRA         L_main45
0x04C6	0x519D      	MOVF        main_controleC1_L0, 0, 1
0x04C8	0x0A00      	XORLW       0
0x04CA	0xE11C      	BNZ         L_main45
L__main125:
;IHM.c,151 :: 		if(T1 == 1 && controleC1 == 0){
0x04CC	0x51A1      	MOVF        main_T1_L0, 0, 1
0x04CE	0x0A01      	XORLW       1
0x04D0	0xE10B      	BNZ         L_main48
0x04D2	0x519D      	MOVF        main_controleC1_L0, 0, 1
0x04D4	0x0A00      	XORLW       0
0x04D6	0xE108      	BNZ         L_main48
L__main124:
;IHM.c,152 :: 		Tela = 2;
0x04D8	0x0E02      	MOVLW       2
0x04DA	0x6F9F      	MOVWF       main_Tela_L0, 1
;IHM.c,153 :: 		Alterna = 0;
0x04DC	0x6BA0      	CLRF        main_Alterna_L0, 1
;IHM.c,154 :: 		Lcd_cmd(_LCD_Clear);
0x04DE	0x0E01      	MOVLW       1
0x04E0	0x6FAA      	MOVWF       FARG_Lcd_Cmd_out_char, 1
0x04E2	0xDDAF      	RCALL       _Lcd_Cmd
;IHM.c,155 :: 		controleC1 = 1;
0x04E4	0x0E01      	MOVLW       1
0x04E6	0x6F9D      	MOVWF       main_controleC1_L0, 1
;IHM.c,156 :: 		}
L_main48:
;IHM.c,157 :: 		if(T1 == 2 && controleC1 == 0){
0x04E8	0x51A1      	MOVF        main_T1_L0, 0, 1
0x04EA	0x0A02      	XORLW       2
0x04EC	0xE10B      	BNZ         L_main51
0x04EE	0x519D      	MOVF        main_controleC1_L0, 0, 1
0x04F0	0x0A00      	XORLW       0
0x04F2	0xE108      	BNZ         L_main51
L__main123:
;IHM.c,158 :: 		Tela = 3;
0x04F4	0x0E03      	MOVLW       3
0x04F6	0x6F9F      	MOVWF       main_Tela_L0, 1
;IHM.c,159 :: 		Alterna = 0;
0x04F8	0x6BA0      	CLRF        main_Alterna_L0, 1
;IHM.c,160 :: 		Lcd_cmd(_LCD_Clear);
0x04FA	0x0E01      	MOVLW       1
0x04FC	0x6FAA      	MOVWF       FARG_Lcd_Cmd_out_char, 1
0x04FE	0xDDA1      	RCALL       _Lcd_Cmd
;IHM.c,161 :: 		controleC1 = 1;
0x0500	0x0E01      	MOVLW       1
0x0502	0x6F9D      	MOVWF       main_controleC1_L0, 1
;IHM.c,162 :: 		}
L_main51:
;IHM.c,163 :: 		}
L_main45:
;IHM.c,164 :: 		if(PORTC.RC1 == 0 && controleC1 == 1){
0x0504	0xB282      	BTFSC       PORTC, 1 
0x0506	0xD004      	BRA         L_main54
0x0508	0x519D      	MOVF        main_controleC1_L0, 0, 1
0x050A	0x0A01      	XORLW       1
0x050C	0xB4D8      	BTFSC       STATUS, 2 
L__main122:
;IHM.c,165 :: 		controleC1 = 0;
0x050E	0x6B9D      	CLRF        main_controleC1_L0, 1
;IHM.c,166 :: 		}
L_main54:
;IHM.c,167 :: 		}
L_main42:
;IHM.c,169 :: 		if(tela == 2){
0x0510	0x519F      	MOVF        main_Tela_L0, 0, 1
0x0512	0x0A02      	XORLW       2
0x0514	0xE157      	BNZ         L_main55
;IHM.c,170 :: 		if(PORTC.RC1 == 1 && controleC1 == 0){
0x0516	0xA282      	BTFSS       PORTC, 1 
0x0518	0xD04F      	BRA         L_main58
0x051A	0x519D      	MOVF        main_controleC1_L0, 0, 1
0x051C	0x0A00      	XORLW       0
0x051E	0xE14C      	BNZ         L_main58
L__main121:
;IHM.c,171 :: 		if(T2 == 1 && controleC1 == 0){
0x0520	0x51A2      	MOVF        main_T2_L0, 0, 1
0x0522	0x0A01      	XORLW       1
0x0524	0xE123      	BNZ         L_main61
0x0526	0x519D      	MOVF        main_controleC1_L0, 0, 1
0x0528	0x0A00      	XORLW       0
0x052A	0xE120      	BNZ         L_main61
L__main120:
;IHM.c,172 :: 		PORTA.RA0 = 1;
0x052C	0x8080      	BSF         PORTA, 0 
;IHM.c,173 :: 		Lcd_cmd(_LCD_Clear);
0x052E	0x0E01      	MOVLW       1
0x0530	0x6FAA      	MOVWF       FARG_Lcd_Cmd_out_char, 1
0x0532	0xDD87      	RCALL       _Lcd_Cmd
;IHM.c,174 :: 		Lcd_Out(1,1, "   Led Ligado   ");
0x0534	0x0E01      	MOVLW       1
0x0536	0x6FA4      	MOVWF       FARG_Lcd_Out_row, 1
0x0538	0x0E01      	MOVLW       1
0x053A	0x6FA5      	MOVWF       FARG_Lcd_Out_column, 1
0x053C	0x0E79      	MOVLW       ?lstr22_IHM
0x053E	0x6FA6      	MOVWF       FARG_Lcd_Out_text, 1
0x0540	0x0E01      	MOVLW       hi_addr(?lstr22_IHM)
0x0542	0x6FA7      	MOVWF       FARG_Lcd_Out_text+1, 1
0x0544	0xDE18      	RCALL       _Lcd_Out
;IHM.c,175 :: 		Delay_ms(1000);
0x0546	0x0E0B      	MOVLW       11
0x0548	0x6E0B      	MOVWF       R11, 0
0x054A	0x0E26      	MOVLW       38
0x054C	0x6E0C      	MOVWF       R12, 0
0x054E	0x0E5D      	MOVLW       93
0x0550	0x6E0D      	MOVWF       R13, 0
L_main62:
0x0552	0x2E0D      	DECFSZ      R13, 1, 0
0x0554	0xD7FE      	BRA         L_main62
0x0556	0x2E0C      	DECFSZ      R12, 1, 0
0x0558	0xD7FC      	BRA         L_main62
0x055A	0x2E0B      	DECFSZ      R11, 1, 0
0x055C	0xD7FA      	BRA         L_main62
0x055E	0x0000      	NOP
0x0560	0x0000      	NOP
;IHM.c,176 :: 		Lcd_cmd(_LCD_Clear);
0x0562	0x0E01      	MOVLW       1
0x0564	0x6FAA      	MOVWF       FARG_Lcd_Cmd_out_char, 1
0x0566	0xDD6D      	RCALL       _Lcd_Cmd
;IHM.c,177 :: 		controleC1 = 1;
0x0568	0x0E01      	MOVLW       1
0x056A	0x6F9D      	MOVWF       main_controleC1_L0, 1
;IHM.c,178 :: 		}
L_main61:
;IHM.c,179 :: 		if(T2 == 2 && controleC1 == 0){
0x056C	0x51A2      	MOVF        main_T2_L0, 0, 1
0x056E	0x0A02      	XORLW       2
0x0570	0xE123      	BNZ         L_main65
0x0572	0x519D      	MOVF        main_controleC1_L0, 0, 1
0x0574	0x0A00      	XORLW       0
0x0576	0xE120      	BNZ         L_main65
L__main119:
;IHM.c,180 :: 		PORTA.RA1 = 1;
0x0578	0x8280      	BSF         PORTA, 1 
;IHM.c,181 :: 		Lcd_cmd(_LCD_Clear);
0x057A	0x0E01      	MOVLW       1
0x057C	0x6FAA      	MOVWF       FARG_Lcd_Cmd_out_char, 1
0x057E	0xDD61      	RCALL       _Lcd_Cmd
;IHM.c,182 :: 		Lcd_Out(1,1, "   Led Ligado   ");
0x0580	0x0E01      	MOVLW       1
0x0582	0x6FA4      	MOVWF       FARG_Lcd_Out_row, 1
0x0584	0x0E01      	MOVLW       1
0x0586	0x6FA5      	MOVWF       FARG_Lcd_Out_column, 1
0x0588	0x0EF8      	MOVLW       ?lstr23_IHM
0x058A	0x6FA6      	MOVWF       FARG_Lcd_Out_text, 1
0x058C	0x0E00      	MOVLW       hi_addr(?lstr23_IHM)
0x058E	0x6FA7      	MOVWF       FARG_Lcd_Out_text+1, 1
0x0590	0xDDF2      	RCALL       _Lcd_Out
;IHM.c,183 :: 		Delay_ms(1000);
0x0592	0x0E0B      	MOVLW       11
0x0594	0x6E0B      	MOVWF       R11, 0
0x0596	0x0E26      	MOVLW       38
0x0598	0x6E0C      	MOVWF       R12, 0
0x059A	0x0E5D      	MOVLW       93
0x059C	0x6E0D      	MOVWF       R13, 0
L_main66:
0x059E	0x2E0D      	DECFSZ      R13, 1, 0
0x05A0	0xD7FE      	BRA         L_main66
0x05A2	0x2E0C      	DECFSZ      R12, 1, 0
0x05A4	0xD7FC      	BRA         L_main66
0x05A6	0x2E0B      	DECFSZ      R11, 1, 0
0x05A8	0xD7FA      	BRA         L_main66
0x05AA	0x0000      	NOP
0x05AC	0x0000      	NOP
;IHM.c,184 :: 		Lcd_cmd(_LCD_Clear);
0x05AE	0x0E01      	MOVLW       1
0x05B0	0x6FAA      	MOVWF       FARG_Lcd_Cmd_out_char, 1
0x05B2	0xDD47      	RCALL       _Lcd_Cmd
;IHM.c,185 :: 		controleC1 = 1;
0x05B4	0x0E01      	MOVLW       1
0x05B6	0x6F9D      	MOVWF       main_controleC1_L0, 1
;IHM.c,186 :: 		}
L_main65:
;IHM.c,187 :: 		}
L_main58:
;IHM.c,188 :: 		if(PORTC.RC1 == 0 && controleC1 == 1){
0x05B8	0xB282      	BTFSC       PORTC, 1 
0x05BA	0xD004      	BRA         L_main69
0x05BC	0x519D      	MOVF        main_controleC1_L0, 0, 1
0x05BE	0x0A01      	XORLW       1
0x05C0	0xB4D8      	BTFSC       STATUS, 2 
L__main118:
;IHM.c,189 :: 		controleC1 = 0;
0x05C2	0x6B9D      	CLRF        main_controleC1_L0, 1
;IHM.c,190 :: 		}
L_main69:
;IHM.c,191 :: 		}
L_main55:
;IHM.c,193 :: 		if(tela == 3){
0x05C4	0x519F      	MOVF        main_Tela_L0, 0, 1
0x05C6	0x0A03      	XORLW       3
0x05C8	0xE157      	BNZ         L_main70
;IHM.c,194 :: 		if(PORTC.RC1 == 1 && controleC1 == 0){
0x05CA	0xA282      	BTFSS       PORTC, 1 
0x05CC	0xD04F      	BRA         L_main73
0x05CE	0x519D      	MOVF        main_controleC1_L0, 0, 1
0x05D0	0x0A00      	XORLW       0
0x05D2	0xE14C      	BNZ         L_main73
L__main117:
;IHM.c,195 :: 		if(T3 == 1 && controleC1 == 0){
0x05D4	0x51A3      	MOVF        main_T3_L0, 0, 1
0x05D6	0x0A01      	XORLW       1
0x05D8	0xE123      	BNZ         L_main76
0x05DA	0x519D      	MOVF        main_controleC1_L0, 0, 1
0x05DC	0x0A00      	XORLW       0
0x05DE	0xE120      	BNZ         L_main76
L__main116:
;IHM.c,196 :: 		PORTA.RA0 = 0;
0x05E0	0x9080      	BCF         PORTA, 0 
;IHM.c,197 :: 		Lcd_cmd(_LCD_Clear);
0x05E2	0x0E01      	MOVLW       1
0x05E4	0x6FAA      	MOVWF       FARG_Lcd_Cmd_out_char, 1
0x05E6	0xDD2D      	RCALL       _Lcd_Cmd
;IHM.c,198 :: 		Lcd_Out(1,1, "  Led Desligado ");
0x05E8	0x0E01      	MOVLW       1
0x05EA	0x6FA4      	MOVWF       FARG_Lcd_Out_row, 1
0x05EC	0x0E01      	MOVLW       1
0x05EE	0x6FA5      	MOVWF       FARG_Lcd_Out_column, 1
0x05F0	0x0E09      	MOVLW       ?lstr24_IHM
0x05F2	0x6FA6      	MOVWF       FARG_Lcd_Out_text, 1
0x05F4	0x0E01      	MOVLW       hi_addr(?lstr24_IHM)
0x05F6	0x6FA7      	MOVWF       FARG_Lcd_Out_text+1, 1
0x05F8	0xDDBE      	RCALL       _Lcd_Out
;IHM.c,199 :: 		Delay_ms(1000);
0x05FA	0x0E0B      	MOVLW       11
0x05FC	0x6E0B      	MOVWF       R11, 0
0x05FE	0x0E26      	MOVLW       38
0x0600	0x6E0C      	MOVWF       R12, 0
0x0602	0x0E5D      	MOVLW       93
0x0604	0x6E0D      	MOVWF       R13, 0
L_main77:
0x0606	0x2E0D      	DECFSZ      R13, 1, 0
0x0608	0xD7FE      	BRA         L_main77
0x060A	0x2E0C      	DECFSZ      R12, 1, 0
0x060C	0xD7FC      	BRA         L_main77
0x060E	0x2E0B      	DECFSZ      R11, 1, 0
0x0610	0xD7FA      	BRA         L_main77
0x0612	0x0000      	NOP
0x0614	0x0000      	NOP
;IHM.c,200 :: 		Lcd_cmd(_LCD_Clear);
0x0616	0x0E01      	MOVLW       1
0x0618	0x6FAA      	MOVWF       FARG_Lcd_Cmd_out_char, 1
0x061A	0xDD13      	RCALL       _Lcd_Cmd
;IHM.c,201 :: 		controleC1 = 1;
0x061C	0x0E01      	MOVLW       1
0x061E	0x6F9D      	MOVWF       main_controleC1_L0, 1
;IHM.c,202 :: 		}
L_main76:
;IHM.c,203 :: 		if(T3 == 2 && controleC1 == 0){
0x0620	0x51A3      	MOVF        main_T3_L0, 0, 1
0x0622	0x0A02      	XORLW       2
0x0624	0xE123      	BNZ         L_main80
0x0626	0x519D      	MOVF        main_controleC1_L0, 0, 1
0x0628	0x0A00      	XORLW       0
0x062A	0xE120      	BNZ         L_main80
L__main115:
;IHM.c,204 :: 		PORTA.RA1 = 0;
0x062C	0x9280      	BCF         PORTA, 1 
;IHM.c,205 :: 		Lcd_cmd(_LCD_Clear);
0x062E	0x0E01      	MOVLW       1
0x0630	0x6FAA      	MOVWF       FARG_Lcd_Cmd_out_char, 1
0x0632	0xDD07      	RCALL       _Lcd_Cmd
;IHM.c,206 :: 		Lcd_Out(1,1, "  Led Desligado ");
0x0634	0x0E01      	MOVLW       1
0x0636	0x6FA4      	MOVWF       FARG_Lcd_Out_row, 1
0x0638	0x0E01      	MOVLW       1
0x063A	0x6FA5      	MOVWF       FARG_Lcd_Out_column, 1
0x063C	0x0ED6      	MOVLW       ?lstr25_IHM
0x063E	0x6FA6      	MOVWF       FARG_Lcd_Out_text, 1
0x0640	0x0E00      	MOVLW       hi_addr(?lstr25_IHM)
0x0642	0x6FA7      	MOVWF       FARG_Lcd_Out_text+1, 1
0x0644	0xDD98      	RCALL       _Lcd_Out
;IHM.c,207 :: 		Delay_ms(1000);
0x0646	0x0E0B      	MOVLW       11
0x0648	0x6E0B      	MOVWF       R11, 0
0x064A	0x0E26      	MOVLW       38
0x064C	0x6E0C      	MOVWF       R12, 0
0x064E	0x0E5D      	MOVLW       93
0x0650	0x6E0D      	MOVWF       R13, 0
L_main81:
0x0652	0x2E0D      	DECFSZ      R13, 1, 0
0x0654	0xD7FE      	BRA         L_main81
0x0656	0x2E0C      	DECFSZ      R12, 1, 0
0x0658	0xD7FC      	BRA         L_main81
0x065A	0x2E0B      	DECFSZ      R11, 1, 0
0x065C	0xD7FA      	BRA         L_main81
0x065E	0x0000      	NOP
0x0660	0x0000      	NOP
;IHM.c,208 :: 		Lcd_cmd(_LCD_Clear);
0x0662	0x0E01      	MOVLW       1
0x0664	0x6FAA      	MOVWF       FARG_Lcd_Cmd_out_char, 1
0x0666	0xDCED      	RCALL       _Lcd_Cmd
;IHM.c,209 :: 		controleC1 = 1;
0x0668	0x0E01      	MOVLW       1
0x066A	0x6F9D      	MOVWF       main_controleC1_L0, 1
;IHM.c,210 :: 		}
L_main80:
;IHM.c,211 :: 		}
L_main73:
;IHM.c,212 :: 		if(PORTC.RC1 == 0 && controleC1 == 1){
0x066C	0xB282      	BTFSC       PORTC, 1 
0x066E	0xD004      	BRA         L_main84
0x0670	0x519D      	MOVF        main_controleC1_L0, 0, 1
0x0672	0x0A01      	XORLW       1
0x0674	0xB4D8      	BTFSC       STATUS, 2 
L__main114:
;IHM.c,213 :: 		controleC1 = 0;
0x0676	0x6B9D      	CLRF        main_controleC1_L0, 1
;IHM.c,214 :: 		}
L_main84:
;IHM.c,215 :: 		}
L_main70:
;IHM.c,218 :: 		if(tela == 1){
0x0678	0x519F      	MOVF        main_Tela_L0, 0, 1
0x067A	0x0A01      	XORLW       1
0x067C	0xE152      	BNZ         L_main85
;IHM.c,219 :: 		if(PORTD.RD0 == 1 && controleD0 == 0){
0x067E	0xA083      	BTFSS       PORTD, 0 
0x0680	0xD04A      	BRA         L_main88
0x0682	0x519E      	MOVF        main_controleD0_L0, 0, 1
0x0684	0x0A00      	XORLW       0
0x0686	0xE147      	BNZ         L_main88
L__main113:
;IHM.c,220 :: 		Lcd_cmd(_LCD_Clear);
0x0688	0x0E01      	MOVLW       1
0x068A	0x6FAA      	MOVWF       FARG_Lcd_Cmd_out_char, 1
0x068C	0xDCDA      	RCALL       _Lcd_Cmd
;IHM.c,221 :: 		Lcd_Out(1,1, "***ERROR  404***");
0x068E	0x0E01      	MOVLW       1
0x0690	0x6FA4      	MOVWF       FARG_Lcd_Out_row, 1
0x0692	0x0E01      	MOVLW       1
0x0694	0x6FA5      	MOVWF       FARG_Lcd_Out_column, 1
0x0696	0x0EE7      	MOVLW       ?lstr26_IHM
0x0698	0x6FA6      	MOVWF       FARG_Lcd_Out_text, 1
0x069A	0x0E00      	MOVLW       hi_addr(?lstr26_IHM)
0x069C	0x6FA7      	MOVWF       FARG_Lcd_Out_text+1, 1
0x069E	0xDD6B      	RCALL       _Lcd_Out
;IHM.c,222 :: 		Delay_ms(1000);
0x06A0	0x0E0B      	MOVLW       11
0x06A2	0x6E0B      	MOVWF       R11, 0
0x06A4	0x0E26      	MOVLW       38
0x06A6	0x6E0C      	MOVWF       R12, 0
0x06A8	0x0E5D      	MOVLW       93
0x06AA	0x6E0D      	MOVWF       R13, 0
L_main89:
0x06AC	0x2E0D      	DECFSZ      R13, 1, 0
0x06AE	0xD7FE      	BRA         L_main89
0x06B0	0x2E0C      	DECFSZ      R12, 1, 0
0x06B2	0xD7FC      	BRA         L_main89
0x06B4	0x2E0B      	DECFSZ      R11, 1, 0
0x06B6	0xD7FA      	BRA         L_main89
0x06B8	0x0000      	NOP
0x06BA	0x0000      	NOP
;IHM.c,223 :: 		Lcd_Out(2,1, "***Resolvendo***");
0x06BC	0x0E02      	MOVLW       2
0x06BE	0x6FA4      	MOVWF       FARG_Lcd_Out_row, 1
0x06C0	0x0E01      	MOVLW       1
0x06C2	0x6FA5      	MOVWF       FARG_Lcd_Out_column, 1
0x06C4	0x0E22      	MOVLW       ?lstr27_IHM
0x06C6	0x6FA6      	MOVWF       FARG_Lcd_Out_text, 1
0x06C8	0x0E01      	MOVLW       hi_addr(?lstr27_IHM)
0x06CA	0x6FA7      	MOVWF       FARG_Lcd_Out_text+1, 1
0x06CC	0xDD54      	RCALL       _Lcd_Out
;IHM.c,224 :: 		Delay_ms(2000);
0x06CE	0x0E15      	MOVLW       21
0x06D0	0x6E0B      	MOVWF       R11, 0
0x06D2	0x0E4B      	MOVLW       75
0x06D4	0x6E0C      	MOVWF       R12, 0
0x06D6	0x0EBE      	MOVLW       190
0x06D8	0x6E0D      	MOVWF       R13, 0
L_main90:
0x06DA	0x2E0D      	DECFSZ      R13, 1, 0
0x06DC	0xD7FE      	BRA         L_main90
0x06DE	0x2E0C      	DECFSZ      R12, 1, 0
0x06E0	0xD7FC      	BRA         L_main90
0x06E2	0x2E0B      	DECFSZ      R11, 1, 0
0x06E4	0xD7FA      	BRA         L_main90
0x06E6	0x0000      	NOP
;IHM.c,225 :: 		Lcd_cmd(_LCD_Clear);
0x06E8	0x0E01      	MOVLW       1
0x06EA	0x6FAA      	MOVWF       FARG_Lcd_Cmd_out_char, 1
0x06EC	0xDCAA      	RCALL       _Lcd_Cmd
;IHM.c,226 :: 		Lcd_Out(1,2, "Liga");
0x06EE	0x0E01      	MOVLW       1
0x06F0	0x6FA4      	MOVWF       FARG_Lcd_Out_row, 1
0x06F2	0x0E02      	MOVLW       2
0x06F4	0x6FA5      	MOVWF       FARG_Lcd_Out_column, 1
0x06F6	0x0E33      	MOVLW       ?lstr28_IHM
0x06F8	0x6FA6      	MOVWF       FARG_Lcd_Out_text, 1
0x06FA	0x0E01      	MOVLW       hi_addr(?lstr28_IHM)
0x06FC	0x6FA7      	MOVWF       FARG_Lcd_Out_text+1, 1
0x06FE	0xDD3B      	RCALL       _Lcd_Out
;IHM.c,227 :: 		Lcd_Out(2,2, "Desliga");
0x0700	0x0E02      	MOVLW       2
0x0702	0x6FA4      	MOVWF       FARG_Lcd_Out_row, 1
0x0704	0x0E02      	MOVLW       2
0x0706	0x6FA5      	MOVWF       FARG_Lcd_Out_column, 1
0x0708	0x0E1A      	MOVLW       ?lstr29_IHM
0x070A	0x6FA6      	MOVWF       FARG_Lcd_Out_text, 1
0x070C	0x0E01      	MOVLW       hi_addr(?lstr29_IHM)
0x070E	0x6FA7      	MOVWF       FARG_Lcd_Out_text+1, 1
0x0710	0xDD32      	RCALL       _Lcd_Out
;IHM.c,228 :: 		controleD0 = 1;
0x0712	0x0E01      	MOVLW       1
0x0714	0x6F9E      	MOVWF       main_controleD0_L0, 1
;IHM.c,229 :: 		}
L_main88:
;IHM.c,230 :: 		if(PORTD.RD0 == 0 && controleD0 == 1){
0x0716	0xB083      	BTFSC       PORTD, 0 
0x0718	0xD004      	BRA         L_main93
0x071A	0x519E      	MOVF        main_controleD0_L0, 0, 1
0x071C	0x0A01      	XORLW       1
0x071E	0xB4D8      	BTFSC       STATUS, 2 
L__main112:
;IHM.c,231 :: 		controleD0 = 0;
0x0720	0x6B9E      	CLRF        main_controleD0_L0, 1
;IHM.c,232 :: 		}
L_main93:
;IHM.c,233 :: 		}
L_main85:
;IHM.c,235 :: 		if(tela == 2){
0x0722	0x519F      	MOVF        main_Tela_L0, 0, 1
0x0724	0x0A02      	XORLW       2
0x0726	0xE113      	BNZ         L_main94
;IHM.c,236 :: 		if(PORTD.RD0 == 1 && controleD0 == 0){
0x0728	0xA083      	BTFSS       PORTD, 0 
0x072A	0xD00B      	BRA         L_main97
0x072C	0x519E      	MOVF        main_controleD0_L0, 0, 1
0x072E	0x0A00      	XORLW       0
0x0730	0xE108      	BNZ         L_main97
L__main111:
;IHM.c,237 :: 		tela = 1;
0x0732	0x0E01      	MOVLW       1
0x0734	0x6F9F      	MOVWF       main_Tela_L0, 1
;IHM.c,238 :: 		Lcd_cmd(_LCD_Clear);
0x0736	0x0E01      	MOVLW       1
0x0738	0x6FAA      	MOVWF       FARG_Lcd_Cmd_out_char, 1
0x073A	0xDC83      	RCALL       _Lcd_Cmd
;IHM.c,239 :: 		Alterna = 0;
0x073C	0x6BA0      	CLRF        main_Alterna_L0, 1
;IHM.c,240 :: 		controleD0 = 1;
0x073E	0x0E01      	MOVLW       1
0x0740	0x6F9E      	MOVWF       main_controleD0_L0, 1
;IHM.c,241 :: 		}
L_main97:
;IHM.c,242 :: 		if(PORTD.RD0 == 0 && controleD0 == 1){
0x0742	0xB083      	BTFSC       PORTD, 0 
0x0744	0xD004      	BRA         L_main100
0x0746	0x519E      	MOVF        main_controleD0_L0, 0, 1
0x0748	0x0A01      	XORLW       1
0x074A	0xB4D8      	BTFSC       STATUS, 2 
L__main110:
;IHM.c,243 :: 		controleD0 = 0;
0x074C	0x6B9E      	CLRF        main_controleD0_L0, 1
;IHM.c,244 :: 		}
L_main100:
;IHM.c,245 :: 		}
L_main94:
;IHM.c,247 :: 		if(tela == 3){
0x074E	0x519F      	MOVF        main_Tela_L0, 0, 1
0x0750	0x0A03      	XORLW       3
0x0752	0xE113      	BNZ         L_main101
;IHM.c,248 :: 		if(PORTD.RD0 == 1 && controleD0 == 0){
0x0754	0xA083      	BTFSS       PORTD, 0 
0x0756	0xD00B      	BRA         L_main104
0x0758	0x519E      	MOVF        main_controleD0_L0, 0, 1
0x075A	0x0A00      	XORLW       0
0x075C	0xE108      	BNZ         L_main104
L__main109:
;IHM.c,249 :: 		tela = 1;
0x075E	0x0E01      	MOVLW       1
0x0760	0x6F9F      	MOVWF       main_Tela_L0, 1
;IHM.c,250 :: 		Lcd_cmd(_LCD_Clear);
0x0762	0x0E01      	MOVLW       1
0x0764	0x6FAA      	MOVWF       FARG_Lcd_Cmd_out_char, 1
0x0766	0xDC6D      	RCALL       _Lcd_Cmd
;IHM.c,251 :: 		Alterna = 0;
0x0768	0x6BA0      	CLRF        main_Alterna_L0, 1
;IHM.c,252 :: 		controleD0 = 1;
0x076A	0x0E01      	MOVLW       1
0x076C	0x6F9E      	MOVWF       main_controleD0_L0, 1
;IHM.c,253 :: 		}
L_main104:
;IHM.c,254 :: 		if(PORTD.RD0 == 0 && controleD0 == 1){
0x076E	0xB083      	BTFSC       PORTD, 0 
0x0770	0xD004      	BRA         L_main107
0x0772	0x519E      	MOVF        main_controleD0_L0, 0, 1
0x0774	0x0A01      	XORLW       1
0x0776	0xB4D8      	BTFSC       STATUS, 2 
L__main108:
;IHM.c,255 :: 		controleD0 = 0;
0x0778	0x6B9E      	CLRF        main_controleD0_L0, 1
;IHM.c,256 :: 		}
L_main107:
;IHM.c,257 :: 		}
L_main101:
;IHM.c,258 :: 		}
0x077A	0xD583      	BRA         L_main1
;IHM.c,259 :: 		}
L_end_main:
0x077C	0xD7FF      	BRA         $+0
; end of _main
0x0904	0xF015EE10  	LFSR        1, 21
0x0908	0x0E86      	MOVLW       134
0x090A	0x6E00      	MOVWF       R0 
0x090C	0x0E02      	MOVLW       2
0x090E	0x6E01      	MOVWF       R1 
0x0910	0x0E7E      	MOVLW       126
0x0912	0x6EF6      	MOVWF       4086 
0x0914	0x0E07      	MOVLW       7
0x0916	0x6EF7      	MOVWF       TBLPTRH 
0x0918	0x0E00      	MOVLW       0
0x091A	0x6EF8      	MOVWF       TBLPTRU 
0x091C	0xF000EC67  	CALL        206, 0
0x0920	0x0012      	RETURN      0
;IHM.c,0 :: ?ICS?lstr11_IHM
0x077E	0x454C ;?ICS?lstr11_IHM+0
0x0780	0x2044 ;?ICS?lstr11_IHM+2
0x0782	0x2032 ;?ICS?lstr11_IHM+4
0x0784	0x00 ;?ICS?lstr11_IHM+6
; end of ?ICS?lstr11_IHM
;IHM.c,0 :: ?ICS?lstr10_IHM
0x0785	0x454C ;?ICS?lstr10_IHM+0
0x0787	0x2044 ;?ICS?lstr10_IHM+2
0x0789	0x2031 ;?ICS?lstr10_IHM+4
0x078B	0x00 ;?ICS?lstr10_IHM+6
; end of ?ICS?lstr10_IHM
;IHM.c,0 :: ?ICS?lstr9_IHM
0x078C	0x443E ;?ICS?lstr9_IHM+0
0x078E	0x7365 ;?ICS?lstr9_IHM+2
0x0790	0x696C ;?ICS?lstr9_IHM+4
0x0792	0x6167 ;?ICS?lstr9_IHM+6
0x0794	0x5B20 ;?ICS?lstr9_IHM+8
0x0796	0x4E45 ;?ICS?lstr9_IHM+10
0x0798	0x4554 ;?ICS?lstr9_IHM+12
0x079A	0x5D52 ;?ICS?lstr9_IHM+14
0x079C	0x00 ;?ICS?lstr9_IHM+16
; end of ?ICS?lstr9_IHM
;IHM.c,0 :: ?ICS?lstr12_IHM
0x079D	0x4C20 ;?ICS?lstr12_IHM+0
0x079F	0x6769 ;?ICS?lstr12_IHM+2
0x07A1	0x2061 ;?ICS?lstr12_IHM+4
0x07A3	0x2020 ;?ICS?lstr12_IHM+6
0x07A5	0x3E20 ;?ICS?lstr12_IHM+8
0x07A7	0x454C ;?ICS?lstr12_IHM+10
0x07A9	0x2044 ;?ICS?lstr12_IHM+12
0x07AB	0x2031 ;?ICS?lstr12_IHM+14
0x07AD	0x00 ;?ICS?lstr12_IHM+16
; end of ?ICS?lstr12_IHM
;IHM.c,0 :: ?ICS?lstr15_IHM
0x07AE	0x4C20 ;?ICS?lstr15_IHM+0
0x07B0	0x6769 ;?ICS?lstr15_IHM+2
0x07B2	0x2061 ;?ICS?lstr15_IHM+4
0x07B4	0x2020 ;?ICS?lstr15_IHM+6
0x07B6	0x3E20 ;?ICS?lstr15_IHM+8
0x07B8	0x454C ;?ICS?lstr15_IHM+10
0x07BA	0x2044 ;?ICS?lstr15_IHM+12
0x07BC	0x2032 ;?ICS?lstr15_IHM+14
0x07BE	0x00 ;?ICS?lstr15_IHM+16
; end of ?ICS?lstr15_IHM
;IHM.c,0 :: ?ICS?lstr14_IHM
0x07BF	0x2020 ;?ICS?lstr14_IHM+0
0x07C1	0x2020 ;?ICS?lstr14_IHM+2
0x07C3	0x2020 ;?ICS?lstr14_IHM+4
0x07C5	0x2020 ;?ICS?lstr14_IHM+6
0x07C7	0x2020 ;?ICS?lstr14_IHM+8
0x07C9	0x454C ;?ICS?lstr14_IHM+10
0x07CB	0x2044 ;?ICS?lstr14_IHM+12
0x07CD	0x2031 ;?ICS?lstr14_IHM+14
0x07CF	0x00 ;?ICS?lstr14_IHM+16
; end of ?ICS?lstr14_IHM
;IHM.c,0 :: ?ICS?lstr13_IHM
0x07D0	0x2020 ;?ICS?lstr13_IHM+0
0x07D2	0x2020 ;?ICS?lstr13_IHM+2
0x07D4	0x2020 ;?ICS?lstr13_IHM+4
0x07D6	0x2020 ;?ICS?lstr13_IHM+6
0x07D8	0x2020 ;?ICS?lstr13_IHM+8
0x07DA	0x454C ;?ICS?lstr13_IHM+10
0x07DC	0x2044 ;?ICS?lstr13_IHM+12
0x07DE	0x2032 ;?ICS?lstr13_IHM+14
0x07E0	0x00 ;?ICS?lstr13_IHM+16
; end of ?ICS?lstr13_IHM
;IHM.c,0 :: ?ICS?lstr8_IHM
0x07E1	0x4C20 ;?ICS?lstr8_IHM+0
0x07E3	0x6769 ;?ICS?lstr8_IHM+2
0x07E5	0x2061 ;?ICS?lstr8_IHM+4
0x07E7	0x2020 ;?ICS?lstr8_IHM+6
0x07E9	0x2020 ;?ICS?lstr8_IHM+8
0x07EB	0x2020 ;?ICS?lstr8_IHM+10
0x07ED	0x2020 ;?ICS?lstr8_IHM+12
0x07EF	0x2020 ;?ICS?lstr8_IHM+14
0x07F1	0x00 ;?ICS?lstr8_IHM+16
; end of ?ICS?lstr8_IHM
;IHM.c,0 :: ?ICS?lstr3_IHM
0x07F2	0x6544 ;?ICS?lstr3_IHM+0
0x07F4	0x6C73 ;?ICS?lstr3_IHM+2
0x07F6	0x6769 ;?ICS?lstr3_IHM+4
0x07F8	0x0061 ;?ICS?lstr3_IHM+6
; end of ?ICS?lstr3_IHM
;IHM.c,0 :: ?ICS?lstr2_IHM
0x07FA	0x694C ;?ICS?lstr2_IHM+0
0x07FC	0x6167 ;?ICS?lstr2_IHM+2
0x07FE	0x00 ;?ICS?lstr2_IHM+4
; end of ?ICS?lstr2_IHM
;IHM.c,0 :: ?ICS?lstr1_IHM
0x07FF	0x6E49 ;?ICS?lstr1_IHM+0
0x0801	0x6369 ;?ICS?lstr1_IHM+2
0x0803	0x6169 ;?ICS?lstr1_IHM+4
0x0805	0x696C ;?ICS?lstr1_IHM+6
0x0807	0x617A ;?ICS?lstr1_IHM+8
0x0809	0x646E ;?ICS?lstr1_IHM+10
0x080B	0x2E6F ;?ICS?lstr1_IHM+12
0x080D	0x2E2E ;?ICS?lstr1_IHM+14
0x080F	0x00 ;?ICS?lstr1_IHM+16
; end of ?ICS?lstr1_IHM
;IHM.c,0 :: ?ICS?lstr4_IHM
0x0810	0x694C ;?ICS?lstr4_IHM+0
0x0812	0x6167 ;?ICS?lstr4_IHM+2
0x0814	0x00 ;?ICS?lstr4_IHM+4
; end of ?ICS?lstr4_IHM
;IHM.c,0 :: ?ICS?lstr7_IHM
0x0815	0x4420 ;?ICS?lstr7_IHM+0
0x0817	0x7365 ;?ICS?lstr7_IHM+2
0x0819	0x696C ;?ICS?lstr7_IHM+4
0x081B	0x6167 ;?ICS?lstr7_IHM+6
0x081D	0x2020 ;?ICS?lstr7_IHM+8
0x081F	0x2020 ;?ICS?lstr7_IHM+10
0x0821	0x2020 ;?ICS?lstr7_IHM+12
0x0823	0x2020 ;?ICS?lstr7_IHM+14
0x0825	0x00 ;?ICS?lstr7_IHM+16
; end of ?ICS?lstr7_IHM
;IHM.c,0 :: ?ICS?lstr6_IHM
0x0826	0x4C3E ;?ICS?lstr6_IHM+0
0x0828	0x6769 ;?ICS?lstr6_IHM+2
0x082A	0x2061 ;?ICS?lstr6_IHM+4
0x082C	0x2020 ;?ICS?lstr6_IHM+6
0x082E	0x5B20 ;?ICS?lstr6_IHM+8
0x0830	0x4E45 ;?ICS?lstr6_IHM+10
0x0832	0x4554 ;?ICS?lstr6_IHM+12
0x0834	0x5D52 ;?ICS?lstr6_IHM+14
0x0836	0x00 ;?ICS?lstr6_IHM+16
; end of ?ICS?lstr6_IHM
;IHM.c,0 :: ?ICS?lstr5_IHM
0x0837	0x6544 ;?ICS?lstr5_IHM+0
0x0839	0x6C73 ;?ICS?lstr5_IHM+2
0x083B	0x6769 ;?ICS?lstr5_IHM+4
0x083D	0x0061 ;?ICS?lstr5_IHM+6
; end of ?ICS?lstr5_IHM
;IHM.c,0 :: ?ICS?lstr25_IHM
0x083F	0x2020 ;?ICS?lstr25_IHM+0
0x0841	0x654C ;?ICS?lstr25_IHM+2
0x0843	0x2064 ;?ICS?lstr25_IHM+4
0x0845	0x6544 ;?ICS?lstr25_IHM+6
0x0847	0x6C73 ;?ICS?lstr25_IHM+8
0x0849	0x6769 ;?ICS?lstr25_IHM+10
0x084B	0x6461 ;?ICS?lstr25_IHM+12
0x084D	0x206F ;?ICS?lstr25_IHM+14
0x084F	0x00 ;?ICS?lstr25_IHM+16
; end of ?ICS?lstr25_IHM
;IHM.c,0 :: ?ICS?lstr26_IHM
0x0850	0x2A2A ;?ICS?lstr26_IHM+0
0x0852	0x452A ;?ICS?lstr26_IHM+2
0x0854	0x5252 ;?ICS?lstr26_IHM+4
0x0856	0x524F ;?ICS?lstr26_IHM+6
0x0858	0x2020 ;?ICS?lstr26_IHM+8
0x085A	0x3034 ;?ICS?lstr26_IHM+10
0x085C	0x2A34 ;?ICS?lstr26_IHM+12
0x085E	0x2A2A ;?ICS?lstr26_IHM+14
0x0860	0x00 ;?ICS?lstr26_IHM+16
; end of ?ICS?lstr26_IHM
;IHM.c,0 :: ?ICS?lstr23_IHM
0x0861	0x2020 ;?ICS?lstr23_IHM+0
0x0863	0x4C20 ;?ICS?lstr23_IHM+2
0x0865	0x6465 ;?ICS?lstr23_IHM+4
0x0867	0x4C20 ;?ICS?lstr23_IHM+6
0x0869	0x6769 ;?ICS?lstr23_IHM+8
0x086B	0x6461 ;?ICS?lstr23_IHM+10
0x086D	0x206F ;?ICS?lstr23_IHM+12
0x086F	0x2020 ;?ICS?lstr23_IHM+14
0x0871	0x00 ;?ICS?lstr23_IHM+16
; end of ?ICS?lstr23_IHM
;IHM.c,0 :: ?ICS?lstr24_IHM
0x0872	0x2020 ;?ICS?lstr24_IHM+0
0x0874	0x654C ;?ICS?lstr24_IHM+2
0x0876	0x2064 ;?ICS?lstr24_IHM+4
0x0878	0x6544 ;?ICS?lstr24_IHM+6
0x087A	0x6C73 ;?ICS?lstr24_IHM+8
0x087C	0x6769 ;?ICS?lstr24_IHM+10
0x087E	0x6461 ;?ICS?lstr24_IHM+12
0x0880	0x206F ;?ICS?lstr24_IHM+14
0x0882	0x00 ;?ICS?lstr24_IHM+16
; end of ?ICS?lstr24_IHM
;IHM.c,0 :: ?ICS?lstr29_IHM
0x0883	0x6544 ;?ICS?lstr29_IHM+0
0x0885	0x6C73 ;?ICS?lstr29_IHM+2
0x0887	0x6769 ;?ICS?lstr29_IHM+4
0x0889	0x0061 ;?ICS?lstr29_IHM+6
; end of ?ICS?lstr29_IHM
;IHM.c,0 :: ?ICS?lstr27_IHM
0x088B	0x2A2A ;?ICS?lstr27_IHM+0
0x088D	0x522A ;?ICS?lstr27_IHM+2
0x088F	0x7365 ;?ICS?lstr27_IHM+4
0x0891	0x6C6F ;?ICS?lstr27_IHM+6
0x0893	0x6576 ;?ICS?lstr27_IHM+8
0x0895	0x646E ;?ICS?lstr27_IHM+10
0x0897	0x2A6F ;?ICS?lstr27_IHM+12
0x0899	0x2A2A ;?ICS?lstr27_IHM+14
0x089B	0x00 ;?ICS?lstr27_IHM+16
; end of ?ICS?lstr27_IHM
;IHM.c,0 :: ?ICS?lstr28_IHM
0x089C	0x694C ;?ICS?lstr28_IHM+0
0x089E	0x6167 ;?ICS?lstr28_IHM+2
0x08A0	0x00 ;?ICS?lstr28_IHM+4
; end of ?ICS?lstr28_IHM
;IHM.c,0 :: ?ICS?lstr19_IHM
0x08A1	0x2020 ;?ICS?lstr19_IHM+0
0x08A3	0x2020 ;?ICS?lstr19_IHM+2
0x08A5	0x2020 ;?ICS?lstr19_IHM+4
0x08A7	0x2020 ;?ICS?lstr19_IHM+6
0x08A9	0x2020 ;?ICS?lstr19_IHM+8
0x08AB	0x454C ;?ICS?lstr19_IHM+10
0x08AD	0x2044 ;?ICS?lstr19_IHM+12
0x08AF	0x2032 ;?ICS?lstr19_IHM+14
0x08B1	0x00 ;?ICS?lstr19_IHM+16
; end of ?ICS?lstr19_IHM
;IHM.c,0 :: ?ICS?lstr20_IHM
0x08B2	0x2020 ;?ICS?lstr20_IHM+0
0x08B4	0x2020 ;?ICS?lstr20_IHM+2
0x08B6	0x2020 ;?ICS?lstr20_IHM+4
0x08B8	0x2020 ;?ICS?lstr20_IHM+6
0x08BA	0x2020 ;?ICS?lstr20_IHM+8
0x08BC	0x454C ;?ICS?lstr20_IHM+10
0x08BE	0x2044 ;?ICS?lstr20_IHM+12
0x08C0	0x2031 ;?ICS?lstr20_IHM+14
0x08C2	0x00 ;?ICS?lstr20_IHM+16
; end of ?ICS?lstr20_IHM
;IHM.c,0 :: ?ICS?lstr18_IHM
0x08C3	0x4420 ;?ICS?lstr18_IHM+0
0x08C5	0x7365 ;?ICS?lstr18_IHM+2
0x08C7	0x696C ;?ICS?lstr18_IHM+4
0x08C9	0x6167 ;?ICS?lstr18_IHM+6
0x08CB	0x3E20 ;?ICS?lstr18_IHM+8
0x08CD	0x454C ;?ICS?lstr18_IHM+10
0x08CF	0x2044 ;?ICS?lstr18_IHM+12
0x08D1	0x2031 ;?ICS?lstr18_IHM+14
0x08D3	0x00 ;?ICS?lstr18_IHM+16
; end of ?ICS?lstr18_IHM
;IHM.c,0 :: ?ICS?lstr16_IHM
0x08D4	0x454C ;?ICS?lstr16_IHM+0
0x08D6	0x2044 ;?ICS?lstr16_IHM+2
0x08D8	0x2031 ;?ICS?lstr16_IHM+4
0x08DA	0x00 ;?ICS?lstr16_IHM+6
; end of ?ICS?lstr16_IHM
;IHM.c,0 :: ?ICS?lstr17_IHM
0x08DB	0x454C ;?ICS?lstr17_IHM+0
0x08DD	0x2044 ;?ICS?lstr17_IHM+2
0x08DF	0x2032 ;?ICS?lstr17_IHM+4
0x08E1	0x00 ;?ICS?lstr17_IHM+6
; end of ?ICS?lstr17_IHM
;IHM.c,0 :: ?ICS?lstr22_IHM
0x08E2	0x2020 ;?ICS?lstr22_IHM+0
0x08E4	0x4C20 ;?ICS?lstr22_IHM+2
0x08E6	0x6465 ;?ICS?lstr22_IHM+4
0x08E8	0x4C20 ;?ICS?lstr22_IHM+6
0x08EA	0x6769 ;?ICS?lstr22_IHM+8
0x08EC	0x6461 ;?ICS?lstr22_IHM+10
0x08EE	0x206F ;?ICS?lstr22_IHM+12
0x08F0	0x2020 ;?ICS?lstr22_IHM+14
0x08F2	0x00 ;?ICS?lstr22_IHM+16
; end of ?ICS?lstr22_IHM
;IHM.c,0 :: ?ICS?lstr21_IHM
0x08F3	0x4420 ;?ICS?lstr21_IHM+0
0x08F5	0x7365 ;?ICS?lstr21_IHM+2
0x08F7	0x696C ;?ICS?lstr21_IHM+4
0x08F9	0x6167 ;?ICS?lstr21_IHM+6
0x08FB	0x3E20 ;?ICS?lstr21_IHM+8
0x08FD	0x454C ;?ICS?lstr21_IHM+10
0x08FF	0x2044 ;?ICS?lstr21_IHM+12
0x0901	0x2032 ;?ICS?lstr21_IHM+14
0x0903	0x00 ;?ICS?lstr21_IHM+16
; end of ?ICS?lstr21_IHM
Symbol List:
//** Routines locations **
//ADDRESS    SIZE    PROCEDURE
//----------------------------------------------
0x001C       [6]    _Delay_1us
0x0022      [22]    _Delay_5500us
0x0038      [10]    _Delay_50us
0x0042     [126]    _Lcd_Cmd
0x00C0      [14]    _Lcd_Chr_CP
0x00CE      [16]    ___CC2DW
0x00DE     [152]    _Lcd_Init
0x0176     [126]    _Lcd_Out
0x01F4    [1418]    _main
//** Variables locations ** 
//ADDRESS    SIZE    VARIABLE
//----------------------------------------------
0x0000       [1]    R0
0x0001       [1]    __Lib_Conversions_Adjust_Hex_tmp_L0
0x0001       [1]    R1
0x0001       [1]    ispunct_rslt_L0
0x0002       [2]    strlen_cp_L0
0x0002       [2]    memchr_s_L0
0x0002       [2]    memset_pp_L0
0x0002       [1]    R2
0x0002       [2]    memcpy_dd_L0
0x0003       [2]    memmove_tt_L0
0x0003       [1]    R3
0x0003       [2]    Ltrim_original_L0
0x0004       [2]    strcat_cp_L0
0x0004       [2]    memcpy_ss_L0
0x0004       [2]    strcpy_cp_L0
0x0004       [2]    strncpy_cp_L0
0x0004       [1]    R4
0x0004       [2]    frexp_pom_L0
0x0004       [2]    strncat_cp_L0
0x0005       [2]    LongWordToHex_input_half_L0
0x0005       [2]    Ltrim_p_L0
0x0005       [2]    memmove_ff_L0
0x0005       [2]    LongIntToHex_input_half_L0
0x0005       [1]    R5
0x0006       [1]    R6
0x0007       [1]    R7
0x0008       [1]    R8
0x0009       [1]    R9
0x000A       [1]    R10
0x000B       [1]    R11
0x000C       [1]    R12
0x000D       [1]    R13
0x000E       [1]    R14
0x000F       [1]    R15
0x0010       [1]    R16
0x0011       [1]    R17
0x0012       [1]    R18
0x0013       [1]    R19
0x0014       [1]    R20
0x0015       [7]    ?lstr11_IHM
0x001C       [7]    ?lstr10_IHM
0x0023      [17]    ?lstr9_IHM
0x0034      [17]    ?lstr12_IHM
0x0045      [17]    ?lstr15_IHM
0x0056      [17]    ?lstr14_IHM
0x0067      [17]    ?lstr13_IHM
0x0078      [17]    ?lstr8_IHM
0x0089       [8]    ?lstr3_IHM
0x0091       [5]    ?lstr2_IHM
0x0096      [17]    ?lstr1_IHM
0x00A7       [5]    ?lstr4_IHM
0x00AC      [17]    ?lstr7_IHM
0x00BD      [17]    ?lstr6_IHM
0x00CE       [8]    ?lstr5_IHM
0x00D6      [17]    ?lstr25_IHM
0x00E7      [17]    ?lstr26_IHM
0x00F8      [17]    ?lstr23_IHM
0x0109      [17]    ?lstr24_IHM
0x011A       [8]    ?lstr29_IHM
0x0122      [17]    ?lstr27_IHM
0x0133       [5]    ?lstr28_IHM
0x0138      [17]    ?lstr19_IHM
0x0149      [17]    ?lstr20_IHM
0x015A      [17]    ?lstr18_IHM
0x016B       [7]    ?lstr16_IHM
0x0172       [7]    ?lstr17_IHM
0x0179      [17]    ?lstr22_IHM
0x018A      [17]    ?lstr21_IHM
0x019B       [0]    __Lib_Lcd_cmd_status
0x019C       [1]    main_controleC0_L0
0x019D       [1]    main_controleC1_L0
0x019E       [1]    main_controleD0_L0
0x019F       [1]    main_Tela_L0
0x01A0       [1]    main_Alterna_L0
0x01A1       [1]    main_T1_L0
0x01A2       [1]    main_T2_L0
0x01A3       [1]    main_T3_L0
0x01A4       [1]    FARG_Lcd_Out_row
0x01A5       [1]    FARG_Lcd_Out_column
0x01A6       [2]    FARG_Lcd_Out_text
0x01A8       [1]    Lcd_Out_i_L0
0x01A9       [1]    FARG_Lcd_Chr_CP_out_char
0x01AA       [1]    FARG_Lcd_Cmd_out_char
0x0F80       [1]    PORTA
0x0F81       [0]    LCD_D5
0x0F81       [0]    LCD_D6
0x0F81       [0]    LCD_EN
0x0F81       [0]    LCD_D4
0x0F81       [0]    RB3_bit
0x0F81       [0]    RB0_bit
0x0F81       [0]    LCD_D7
0x0F81       [0]    RB4_bit
0x0F81       [0]    RB5_bit
0x0F81       [0]    LCD_RS
0x0F81       [0]    RB2_bit
0x0F81       [0]    RB1_bit
0x0F82       [1]    PORTC
0x0F83       [1]    PORTD
0x0F92       [1]    TRISA
0x0F93       [0]    LCD_RS_Direction
0x0F93       [0]    TRISB4_bit
0x0F93       [0]    LCD_D4_Direction
0x0F93       [0]    LCD_EN_Direction
0x0F93       [0]    TRISB1_bit
0x0F93       [0]    TRISB0_bit
0x0F93       [0]    TRISB3_bit
0x0F93       [0]    TRISB2_bit
0x0F93       [0]    LCD_D5_Direction
0x0F93       [0]    LCD_D6_Direction
0x0F93       [0]    LCD_D7_Direction
0x0F93       [0]    TRISB5_bit
0x0F94       [1]    TRISC
0x0F95       [1]    TRISD
0x0FC1       [1]    ADCON1
0x0FD8       [1]    STATUS
0x0FD9       [1]    FSR2L
0x0FDA       [1]    FSR2H
0x0FDE       [1]    POSTINC2
0x0FE0       [1]    BSR
0x0FE1       [1]    FSR1L
0x0FE2       [1]    FSR1H
0x0FE4       [1]    PREINC1
0x0FE6       [1]    POSTINC1
0x0FE7       [1]    INDF1
0x0FE8       [1]    WREG
0x0FE9       [1]    FSR0L
0x0FEA       [1]    FSR0H
0x0FEE       [1]    POSTINC0
0x0FF3       [1]    PRODL
0x0FF4       [1]    PRODH
0x0FF5       [1]    TABLAT
0x0FF6       [1]    TBLPTRL
0x0FF7       [1]    TBLPTRH
0x0FF8       [1]    TBLPTRU
//** Constants locations ** 
//ADDRESS    SIZE    CONSTANT
//----------------------------------------------
0x077E       [7]    ?ICS?lstr11_IHM
0x0785       [7]    ?ICS?lstr10_IHM
0x078C      [17]    ?ICS?lstr9_IHM
0x079D      [17]    ?ICS?lstr12_IHM
0x07AE      [17]    ?ICS?lstr15_IHM
0x07BF      [17]    ?ICS?lstr14_IHM
0x07D0      [17]    ?ICS?lstr13_IHM
0x07E1      [17]    ?ICS?lstr8_IHM
0x07F2       [8]    ?ICS?lstr3_IHM
0x07FA       [5]    ?ICS?lstr2_IHM
0x07FF      [17]    ?ICS?lstr1_IHM
0x0810       [5]    ?ICS?lstr4_IHM
0x0815      [17]    ?ICS?lstr7_IHM
0x0826      [17]    ?ICS?lstr6_IHM
0x0837       [8]    ?ICS?lstr5_IHM
0x083F      [17]    ?ICS?lstr25_IHM
0x0850      [17]    ?ICS?lstr26_IHM
0x0861      [17]    ?ICS?lstr23_IHM
0x0872      [17]    ?ICS?lstr24_IHM
0x0883       [8]    ?ICS?lstr29_IHM
0x088B      [17]    ?ICS?lstr27_IHM
0x089C       [5]    ?ICS?lstr28_IHM
0x08A1      [17]    ?ICS?lstr19_IHM
0x08B2      [17]    ?ICS?lstr20_IHM
0x08C3      [17]    ?ICS?lstr18_IHM
0x08D4       [7]    ?ICS?lstr16_IHM
0x08DB       [7]    ?ICS?lstr17_IHM
0x08E2      [17]    ?ICS?lstr22_IHM
0x08F3      [17]    ?ICS?lstr21_IHM
