;  LST file generated by mikroListExporter - v.2.0 
; Date/Time: 28/08/2020 22:03:15
;----------------------------------------------

;Address Opcode 	ASM
0x0000	0xF000EF0E  	GOTO        28
0x0004	0x0000      	NOP
0x0006	0x0000      	NOP
0x0008	0xF000EF00  	GOTO        0
0x000C	0x0000      	NOP
0x000E	0x0000      	NOP
0x0010	0x0000      	NOP
0x0012	0x0000      	NOP
0x0014	0x0000      	NOP
0x0016	0x0000      	NOP
0x0018	0xD7F3      	BRA         0
_main:
;Manipulacao_de_IO.c,9 :: 		void main() {
;Manipulacao_de_IO.c,11 :: 		ControleRB0 = 0;
0x001C	0x6A15      	CLRF        _ControleRB0 
;Manipulacao_de_IO.c,12 :: 		ControleRB1 = 0;
0x001E	0x6A16      	CLRF        _ControleRB1 
;Manipulacao_de_IO.c,13 :: 		ControleLEDS = 1;
0x0020	0x0E01      	MOVLW       1
0x0022	0x6E17      	MOVWF       _ControleLEDS 
;Manipulacao_de_IO.c,16 :: 		ADCON1 = 0b00001111;   //Configura os pinos como digitais
0x0024	0x0E0F      	MOVLW       15
0x0026	0x6EC1      	MOVWF       ADCON1 
;Manipulacao_de_IO.c,18 :: 		TRISB.RB0 = 1;   //Define RB0 como entrada
0x0028	0x8093      	BSF         TRISB, 0 
;Manipulacao_de_IO.c,19 :: 		TRISB.RB1 = 1;   //Define RB1 como entrada
0x002A	0x8293      	BSF         TRISB, 1 
;Manipulacao_de_IO.c,21 :: 		TRISD = 0;   //Define a porta D como saída
0x002C	0x6A95      	CLRF        TRISD 
;Manipulacao_de_IO.c,22 :: 		PORTD = 0;   //Inicializa os LEDS da porta D desligados
0x002E	0x6A83      	CLRF        PORTD 
;Manipulacao_de_IO.c,24 :: 		while(1){
L_main0:
;Manipulacao_de_IO.c,26 :: 		if(PORTB.RB0 == 1 && ControleRB0 == 0){
0x0030	0xA081      	BTFSS       PORTB, 0 
0x0032	0xD013      	BRA         L_main4
0x0034	0x5015      	MOVF        _ControleRB0, 0 
0x0036	0x0A00      	XORLW       0
0x0038	0xE110      	BNZ         L_main4
L__main43:
;Manipulacao_de_IO.c,27 :: 		ControleRB0 = 1;   //Impede nova entrada na condicional
0x003A	0x0E01      	MOVLW       1
0x003C	0x6E15      	MOVWF       _ControleRB0 
;Manipulacao_de_IO.c,28 :: 		ControleLEDS++;   //Adiciona 1 unidade ao valor da variável
0x003E	0x2A17      	INCF        _ControleLEDS, 1 
;Manipulacao_de_IO.c,29 :: 		Delay_ms(100);   //Intervalo de tempo
0x0040	0x0E02      	MOVLW       2
0x0042	0x6E0B      	MOVWF       R11, 0
0x0044	0x0E04      	MOVLW       4
0x0046	0x6E0C      	MOVWF       R12, 0
0x0048	0x0EBA      	MOVLW       186
0x004A	0x6E0D      	MOVWF       R13, 0
L_main5:
0x004C	0x2E0D      	DECFSZ      R13, 1, 0
0x004E	0xD7FE      	BRA         L_main5
0x0050	0x2E0C      	DECFSZ      R12, 1, 0
0x0052	0xD7FC      	BRA         L_main5
0x0054	0x2E0B      	DECFSZ      R11, 1, 0
0x0056	0xD7FA      	BRA         L_main5
0x0058	0x0000      	NOP
;Manipulacao_de_IO.c,30 :: 		}
L_main4:
;Manipulacao_de_IO.c,31 :: 		if(PORTB.RB0 == 0 && ControleRB0 == 1){
0x005A	0xB081      	BTFSC       PORTB, 0 
0x005C	0xD011      	BRA         L_main8
0x005E	0x5015      	MOVF        _ControleRB0, 0 
0x0060	0x0A01      	XORLW       1
0x0062	0xE10E      	BNZ         L_main8
L__main42:
;Manipulacao_de_IO.c,32 :: 		ControleRB0 = 0;   //Permite entrada na condicional
0x0064	0x6A15      	CLRF        _ControleRB0 
;Manipulacao_de_IO.c,33 :: 		Delay_ms(100);   //Intervalo de tempo
0x0066	0x0E02      	MOVLW       2
0x0068	0x6E0B      	MOVWF       R11, 0
0x006A	0x0E04      	MOVLW       4
0x006C	0x6E0C      	MOVWF       R12, 0
0x006E	0x0EBA      	MOVLW       186
0x0070	0x6E0D      	MOVWF       R13, 0
L_main9:
0x0072	0x2E0D      	DECFSZ      R13, 1, 0
0x0074	0xD7FE      	BRA         L_main9
0x0076	0x2E0C      	DECFSZ      R12, 1, 0
0x0078	0xD7FC      	BRA         L_main9
0x007A	0x2E0B      	DECFSZ      R11, 1, 0
0x007C	0xD7FA      	BRA         L_main9
0x007E	0x0000      	NOP
;Manipulacao_de_IO.c,34 :: 		}
L_main8:
;Manipulacao_de_IO.c,37 :: 		if(PORTB.RB1 == 1 && ControleRB1 == 0){
0x0080	0xA281      	BTFSS       PORTB, 1 
0x0082	0xD013      	BRA         L_main12
0x0084	0x5016      	MOVF        _ControleRB1, 0 
0x0086	0x0A00      	XORLW       0
0x0088	0xE110      	BNZ         L_main12
L__main41:
;Manipulacao_de_IO.c,38 :: 		ControleRB1 = 1;   //Impede nova entrada na condicional
0x008A	0x0E01      	MOVLW       1
0x008C	0x6E16      	MOVWF       _ControleRB1 
;Manipulacao_de_IO.c,39 :: 		ControleLEDS--;   //Subtrai 1 unidade do valor da variável
0x008E	0x0617      	DECF        _ControleLEDS, 1 
;Manipulacao_de_IO.c,40 :: 		Delay_ms(100);   //Intervalo de tempo
0x0090	0x0E02      	MOVLW       2
0x0092	0x6E0B      	MOVWF       R11, 0
0x0094	0x0E04      	MOVLW       4
0x0096	0x6E0C      	MOVWF       R12, 0
0x0098	0x0EBA      	MOVLW       186
0x009A	0x6E0D      	MOVWF       R13, 0
L_main13:
0x009C	0x2E0D      	DECFSZ      R13, 1, 0
0x009E	0xD7FE      	BRA         L_main13
0x00A0	0x2E0C      	DECFSZ      R12, 1, 0
0x00A2	0xD7FC      	BRA         L_main13
0x00A4	0x2E0B      	DECFSZ      R11, 1, 0
0x00A6	0xD7FA      	BRA         L_main13
0x00A8	0x0000      	NOP
;Manipulacao_de_IO.c,41 :: 		}
L_main12:
;Manipulacao_de_IO.c,42 :: 		if(PORTB.RB1 == 0 && ControleRB1 == 1){
0x00AA	0xB281      	BTFSC       PORTB, 1 
0x00AC	0xD011      	BRA         L_main16
0x00AE	0x5016      	MOVF        _ControleRB1, 0 
0x00B0	0x0A01      	XORLW       1
0x00B2	0xE10E      	BNZ         L_main16
L__main40:
;Manipulacao_de_IO.c,43 :: 		ControleRB1 = 0;   //Permite entrada na condicional
0x00B4	0x6A16      	CLRF        _ControleRB1 
;Manipulacao_de_IO.c,44 :: 		Delay_ms(100);   //Intervalo de tempo
0x00B6	0x0E02      	MOVLW       2
0x00B8	0x6E0B      	MOVWF       R11, 0
0x00BA	0x0E04      	MOVLW       4
0x00BC	0x6E0C      	MOVWF       R12, 0
0x00BE	0x0EBA      	MOVLW       186
0x00C0	0x6E0D      	MOVWF       R13, 0
L_main17:
0x00C2	0x2E0D      	DECFSZ      R13, 1, 0
0x00C4	0xD7FE      	BRA         L_main17
0x00C6	0x2E0C      	DECFSZ      R12, 1, 0
0x00C8	0xD7FC      	BRA         L_main17
0x00CA	0x2E0B      	DECFSZ      R11, 1, 0
0x00CC	0xD7FA      	BRA         L_main17
0x00CE	0x0000      	NOP
;Manipulacao_de_IO.c,45 :: 		}
L_main16:
;Manipulacao_de_IO.c,48 :: 		if(ControleLEDS == 1){
0x00D0	0x5017      	MOVF        _ControleLEDS, 0 
0x00D2	0x0A01      	XORLW       1
0x00D4	0xE10E      	BNZ         L_main18
;Manipulacao_de_IO.c,49 :: 		PORTD = 0b00000000;   //Todos os LEDS desligados
0x00D6	0x6A83      	CLRF        PORTD 
;Manipulacao_de_IO.c,50 :: 		Delay_ms(100);   //Intervalo de tempo
0x00D8	0x0E02      	MOVLW       2
0x00DA	0x6E0B      	MOVWF       R11, 0
0x00DC	0x0E04      	MOVLW       4
0x00DE	0x6E0C      	MOVWF       R12, 0
0x00E0	0x0EBA      	MOVLW       186
0x00E2	0x6E0D      	MOVWF       R13, 0
L_main19:
0x00E4	0x2E0D      	DECFSZ      R13, 1, 0
0x00E6	0xD7FE      	BRA         L_main19
0x00E8	0x2E0C      	DECFSZ      R12, 1, 0
0x00EA	0xD7FC      	BRA         L_main19
0x00EC	0x2E0B      	DECFSZ      R11, 1, 0
0x00EE	0xD7FA      	BRA         L_main19
0x00F0	0x0000      	NOP
;Manipulacao_de_IO.c,51 :: 		}
L_main18:
;Manipulacao_de_IO.c,52 :: 		if(ControleLEDS == 2){
0x00F2	0x5017      	MOVF        _ControleLEDS, 0 
0x00F4	0x0A02      	XORLW       2
0x00F6	0xE10F      	BNZ         L_main20
;Manipulacao_de_IO.c,53 :: 		PORTD = 0b00000001;   //LED Azul Iigado
0x00F8	0x0E01      	MOVLW       1
0x00FA	0x6E83      	MOVWF       PORTD 
;Manipulacao_de_IO.c,54 :: 		Delay_ms(100);   //Intervalo de tempo
0x00FC	0x0E02      	MOVLW       2
0x00FE	0x6E0B      	MOVWF       R11, 0
0x0100	0x0E04      	MOVLW       4
0x0102	0x6E0C      	MOVWF       R12, 0
0x0104	0x0EBA      	MOVLW       186
0x0106	0x6E0D      	MOVWF       R13, 0
L_main21:
0x0108	0x2E0D      	DECFSZ      R13, 1, 0
0x010A	0xD7FE      	BRA         L_main21
0x010C	0x2E0C      	DECFSZ      R12, 1, 0
0x010E	0xD7FC      	BRA         L_main21
0x0110	0x2E0B      	DECFSZ      R11, 1, 0
0x0112	0xD7FA      	BRA         L_main21
0x0114	0x0000      	NOP
;Manipulacao_de_IO.c,55 :: 		}
L_main20:
;Manipulacao_de_IO.c,56 :: 		if(ControleLEDS == 3){
0x0116	0x5017      	MOVF        _ControleLEDS, 0 
0x0118	0x0A03      	XORLW       3
0x011A	0xE10F      	BNZ         L_main22
;Manipulacao_de_IO.c,57 :: 		PORTD = 0b00000011;   //LEDS Azul e Verde Iigados
0x011C	0x0E03      	MOVLW       3
0x011E	0x6E83      	MOVWF       PORTD 
;Manipulacao_de_IO.c,58 :: 		Delay_ms(100);   //Intervalo de tempo
0x0120	0x0E02      	MOVLW       2
0x0122	0x6E0B      	MOVWF       R11, 0
0x0124	0x0E04      	MOVLW       4
0x0126	0x6E0C      	MOVWF       R12, 0
0x0128	0x0EBA      	MOVLW       186
0x012A	0x6E0D      	MOVWF       R13, 0
L_main23:
0x012C	0x2E0D      	DECFSZ      R13, 1, 0
0x012E	0xD7FE      	BRA         L_main23
0x0130	0x2E0C      	DECFSZ      R12, 1, 0
0x0132	0xD7FC      	BRA         L_main23
0x0134	0x2E0B      	DECFSZ      R11, 1, 0
0x0136	0xD7FA      	BRA         L_main23
0x0138	0x0000      	NOP
;Manipulacao_de_IO.c,59 :: 		}
L_main22:
;Manipulacao_de_IO.c,60 :: 		if(ControleLEDS == 4){
0x013A	0x5017      	MOVF        _ControleLEDS, 0 
0x013C	0x0A04      	XORLW       4
0x013E	0xE10F      	BNZ         L_main24
;Manipulacao_de_IO.c,61 :: 		PORTD = 0b00000111;   //LEDS Azul, Verde e Laranja Iigados
0x0140	0x0E07      	MOVLW       7
0x0142	0x6E83      	MOVWF       PORTD 
;Manipulacao_de_IO.c,62 :: 		Delay_ms(100);   //Intervalo de tempo
0x0144	0x0E02      	MOVLW       2
0x0146	0x6E0B      	MOVWF       R11, 0
0x0148	0x0E04      	MOVLW       4
0x014A	0x6E0C      	MOVWF       R12, 0
0x014C	0x0EBA      	MOVLW       186
0x014E	0x6E0D      	MOVWF       R13, 0
L_main25:
0x0150	0x2E0D      	DECFSZ      R13, 1, 0
0x0152	0xD7FE      	BRA         L_main25
0x0154	0x2E0C      	DECFSZ      R12, 1, 0
0x0156	0xD7FC      	BRA         L_main25
0x0158	0x2E0B      	DECFSZ      R11, 1, 0
0x015A	0xD7FA      	BRA         L_main25
0x015C	0x0000      	NOP
;Manipulacao_de_IO.c,63 :: 		}
L_main24:
;Manipulacao_de_IO.c,64 :: 		if(ControleLEDS == 5){
0x015E	0x5017      	MOVF        _ControleLEDS, 0 
0x0160	0x0A05      	XORLW       5
0x0162	0xE10F      	BNZ         L_main26
;Manipulacao_de_IO.c,65 :: 		PORTD = 0b00001111;   //LEDS Azul, Verde, Laranja e Rosa Iigados
0x0164	0x0E0F      	MOVLW       15
0x0166	0x6E83      	MOVWF       PORTD 
;Manipulacao_de_IO.c,66 :: 		Delay_ms(100);   //Intervalo de tempo
0x0168	0x0E02      	MOVLW       2
0x016A	0x6E0B      	MOVWF       R11, 0
0x016C	0x0E04      	MOVLW       4
0x016E	0x6E0C      	MOVWF       R12, 0
0x0170	0x0EBA      	MOVLW       186
0x0172	0x6E0D      	MOVWF       R13, 0
L_main27:
0x0174	0x2E0D      	DECFSZ      R13, 1, 0
0x0176	0xD7FE      	BRA         L_main27
0x0178	0x2E0C      	DECFSZ      R12, 1, 0
0x017A	0xD7FC      	BRA         L_main27
0x017C	0x2E0B      	DECFSZ      R11, 1, 0
0x017E	0xD7FA      	BRA         L_main27
0x0180	0x0000      	NOP
;Manipulacao_de_IO.c,67 :: 		}
L_main26:
;Manipulacao_de_IO.c,68 :: 		if(ControleLEDS == 6){
0x0182	0x5017      	MOVF        _ControleLEDS, 0 
0x0184	0x0A06      	XORLW       6
0x0186	0xE10F      	BNZ         L_main28
;Manipulacao_de_IO.c,69 :: 		PORTD = 0b00011111;   //LEDS Azul, Verde, Laranja, Rosa e Roxo Iigados
0x0188	0x0E1F      	MOVLW       31
0x018A	0x6E83      	MOVWF       PORTD 
;Manipulacao_de_IO.c,70 :: 		Delay_ms(100);   //Intervalo de tempo
0x018C	0x0E02      	MOVLW       2
0x018E	0x6E0B      	MOVWF       R11, 0
0x0190	0x0E04      	MOVLW       4
0x0192	0x6E0C      	MOVWF       R12, 0
0x0194	0x0EBA      	MOVLW       186
0x0196	0x6E0D      	MOVWF       R13, 0
L_main29:
0x0198	0x2E0D      	DECFSZ      R13, 1, 0
0x019A	0xD7FE      	BRA         L_main29
0x019C	0x2E0C      	DECFSZ      R12, 1, 0
0x019E	0xD7FC      	BRA         L_main29
0x01A0	0x2E0B      	DECFSZ      R11, 1, 0
0x01A2	0xD7FA      	BRA         L_main29
0x01A4	0x0000      	NOP
;Manipulacao_de_IO.c,71 :: 		}
L_main28:
;Manipulacao_de_IO.c,72 :: 		if(ControleLEDS == 7){
0x01A6	0x5017      	MOVF        _ControleLEDS, 0 
0x01A8	0x0A07      	XORLW       7
0x01AA	0xE10F      	BNZ         L_main30
;Manipulacao_de_IO.c,73 :: 		PORTD = 0b00111111;   //LEDS Azul, Verde, Laranja, Rosa, Roxo e Vermelho Iigados
0x01AC	0x0E3F      	MOVLW       63
0x01AE	0x6E83      	MOVWF       PORTD 
;Manipulacao_de_IO.c,74 :: 		Delay_ms(100);   //Intervalo de tempo
0x01B0	0x0E02      	MOVLW       2
0x01B2	0x6E0B      	MOVWF       R11, 0
0x01B4	0x0E04      	MOVLW       4
0x01B6	0x6E0C      	MOVWF       R12, 0
0x01B8	0x0EBA      	MOVLW       186
0x01BA	0x6E0D      	MOVWF       R13, 0
L_main31:
0x01BC	0x2E0D      	DECFSZ      R13, 1, 0
0x01BE	0xD7FE      	BRA         L_main31
0x01C0	0x2E0C      	DECFSZ      R12, 1, 0
0x01C2	0xD7FC      	BRA         L_main31
0x01C4	0x2E0B      	DECFSZ      R11, 1, 0
0x01C6	0xD7FA      	BRA         L_main31
0x01C8	0x0000      	NOP
;Manipulacao_de_IO.c,75 :: 		}
L_main30:
;Manipulacao_de_IO.c,76 :: 		if(ControleLEDS == 8){
0x01CA	0x5017      	MOVF        _ControleLEDS, 0 
0x01CC	0x0A08      	XORLW       8
0x01CE	0xE10F      	BNZ         L_main32
;Manipulacao_de_IO.c,77 :: 		PORTD = 0b01111111;   //LEDS Azul, Verde, Laranja, Rosa, Roxo, Vermelho e Branco Iigados
0x01D0	0x0E7F      	MOVLW       127
0x01D2	0x6E83      	MOVWF       PORTD 
;Manipulacao_de_IO.c,78 :: 		Delay_ms(100);   //Intervalo de tempo
0x01D4	0x0E02      	MOVLW       2
0x01D6	0x6E0B      	MOVWF       R11, 0
0x01D8	0x0E04      	MOVLW       4
0x01DA	0x6E0C      	MOVWF       R12, 0
0x01DC	0x0EBA      	MOVLW       186
0x01DE	0x6E0D      	MOVWF       R13, 0
L_main33:
0x01E0	0x2E0D      	DECFSZ      R13, 1, 0
0x01E2	0xD7FE      	BRA         L_main33
0x01E4	0x2E0C      	DECFSZ      R12, 1, 0
0x01E6	0xD7FC      	BRA         L_main33
0x01E8	0x2E0B      	DECFSZ      R11, 1, 0
0x01EA	0xD7FA      	BRA         L_main33
0x01EC	0x0000      	NOP
;Manipulacao_de_IO.c,79 :: 		}
L_main32:
;Manipulacao_de_IO.c,80 :: 		if(ControleLEDS == 9){
0x01EE	0x5017      	MOVF        _ControleLEDS, 0 
0x01F0	0x0A09      	XORLW       9
0x01F2	0xE10F      	BNZ         L_main34
;Manipulacao_de_IO.c,81 :: 		PORTD = 0b11111111;   //Todos os LEDS ligados
0x01F4	0x0EFF      	MOVLW       255
0x01F6	0x6E83      	MOVWF       PORTD 
;Manipulacao_de_IO.c,82 :: 		Delay_ms(100);   //Intervalo de tempo
0x01F8	0x0E02      	MOVLW       2
0x01FA	0x6E0B      	MOVWF       R11, 0
0x01FC	0x0E04      	MOVLW       4
0x01FE	0x6E0C      	MOVWF       R12, 0
0x0200	0x0EBA      	MOVLW       186
0x0202	0x6E0D      	MOVWF       R13, 0
L_main35:
0x0204	0x2E0D      	DECFSZ      R13, 1, 0
0x0206	0xD7FE      	BRA         L_main35
0x0208	0x2E0C      	DECFSZ      R12, 1, 0
0x020A	0xD7FC      	BRA         L_main35
0x020C	0x2E0B      	DECFSZ      R11, 1, 0
0x020E	0xD7FA      	BRA         L_main35
0x0210	0x0000      	NOP
;Manipulacao_de_IO.c,83 :: 		}
L_main34:
;Manipulacao_de_IO.c,84 :: 		if(ControleLEDS == 0){
0x0212	0x5017      	MOVF        _ControleLEDS, 0 
0x0214	0x0A00      	XORLW       0
0x0216	0xE10F      	BNZ         L_main36
;Manipulacao_de_IO.c,85 :: 		ControleLEDS = 1;
0x0218	0x0E01      	MOVLW       1
0x021A	0x6E17      	MOVWF       _ControleLEDS 
;Manipulacao_de_IO.c,86 :: 		Delay_ms(100);   //Intervalo de tempo
0x021C	0x0E02      	MOVLW       2
0x021E	0x6E0B      	MOVWF       R11, 0
0x0220	0x0E04      	MOVLW       4
0x0222	0x6E0C      	MOVWF       R12, 0
0x0224	0x0EBA      	MOVLW       186
0x0226	0x6E0D      	MOVWF       R13, 0
L_main37:
0x0228	0x2E0D      	DECFSZ      R13, 1, 0
0x022A	0xD7FE      	BRA         L_main37
0x022C	0x2E0C      	DECFSZ      R12, 1, 0
0x022E	0xD7FC      	BRA         L_main37
0x0230	0x2E0B      	DECFSZ      R11, 1, 0
0x0232	0xD7FA      	BRA         L_main37
0x0234	0x0000      	NOP
;Manipulacao_de_IO.c,87 :: 		}
L_main36:
;Manipulacao_de_IO.c,88 :: 		if(ControleLEDS == 10){
0x0236	0x5017      	MOVF        _ControleLEDS, 0 
0x0238	0x0A0A      	XORLW       10
0x023A	0xE10F      	BNZ         L_main38
;Manipulacao_de_IO.c,89 :: 		ControleLEDS = 9;
0x023C	0x0E09      	MOVLW       9
0x023E	0x6E17      	MOVWF       _ControleLEDS 
;Manipulacao_de_IO.c,90 :: 		Delay_ms(100);   //Intervalo de tempo
0x0240	0x0E02      	MOVLW       2
0x0242	0x6E0B      	MOVWF       R11, 0
0x0244	0x0E04      	MOVLW       4
0x0246	0x6E0C      	MOVWF       R12, 0
0x0248	0x0EBA      	MOVLW       186
0x024A	0x6E0D      	MOVWF       R13, 0
L_main39:
0x024C	0x2E0D      	DECFSZ      R13, 1, 0
0x024E	0xD7FE      	BRA         L_main39
0x0250	0x2E0C      	DECFSZ      R12, 1, 0
0x0252	0xD7FC      	BRA         L_main39
0x0254	0x2E0B      	DECFSZ      R11, 1, 0
0x0256	0xD7FA      	BRA         L_main39
0x0258	0x0000      	NOP
;Manipulacao_de_IO.c,91 :: 		}
L_main38:
;Manipulacao_de_IO.c,93 :: 		}
0x025A	0xD6EA      	BRA         L_main0
;Manipulacao_de_IO.c,95 :: 		}
L_end_main:
0x025C	0xD7FF      	BRA         $+0
; end of _main
Symbol List:
//** Routines locations **
//ADDRESS    SIZE    PROCEDURE
//----------------------------------------------
0x001C     [578]    _main
//** Variables locations ** 
//ADDRESS    SIZE    VARIABLE
//----------------------------------------------
0x0000       [1]    R0
0x0001       [1]    R1
0x0002       [1]    R2
0x0003       [1]    R3
0x0004       [1]    R4
0x0005       [1]    R5
0x0006       [1]    R6
0x0007       [1]    R7
0x0008       [1]    R8
0x0009       [1]    R9
0x000A       [1]    R10
0x000B       [1]    R11
0x000C       [1]    R12
0x000D       [1]    R13
0x000E       [1]    R14
0x000F       [1]    R15
0x0010       [1]    R16
0x0011       [1]    R17
0x0012       [1]    R18
0x0013       [1]    R19
0x0014       [1]    R20
0x0015       [1]    _ControleRB0
0x0016       [1]    _ControleRB1
0x0017       [1]    _ControleLEDS
0x0F81       [1]    PORTB
0x0F83       [1]    PORTD
0x0F93       [1]    TRISB
0x0F95       [1]    TRISD
0x0FC1       [1]    ADCON1
0x0FD8       [1]    STATUS
0x0FD9       [1]    FSR2L
0x0FDA       [1]    FSR2H
0x0FDE       [1]    POSTINC2
0x0FE0       [1]    BSR
0x0FE1       [1]    FSR1L
0x0FE2       [1]    FSR1H
0x0FE4       [1]    PREINC1
0x0FE6       [1]    POSTINC1
0x0FE7       [1]    INDF1
0x0FE8       [1]    WREG
0x0FE9       [1]    FSR0L
0x0FEA       [1]    FSR0H
0x0FEE       [1]    POSTINC0
0x0FF3       [1]    PRODL
0x0FF4       [1]    PRODH
0x0FF5       [1]    TABLAT
0x0FF6       [1]    TBLPTRL
0x0FF7       [1]    TBLPTRH
0x0FF8       [1]    TBLPTRU
