;  LST file generated by mikroListExporter - v.2.0 
; Date/Time: 18/08/2020 21:30:12
;----------------------------------------------

;Address Opcode 	ASM
0x0000	0xF000EF0E  	GOTO        28
0x0004	0x0000      	NOP
0x0006	0x0000      	NOP
0x0008	0xF000EF00  	GOTO        0
0x000C	0x0000      	NOP
0x000E	0x0000      	NOP
0x0010	0x0000      	NOP
0x0012	0x0000      	NOP
0x0014	0x0000      	NOP
0x0016	0x0000      	NOP
0x0018	0xD7F3      	BRA         0
_main:
;PiscaLED.c,1 :: 		void main() {
;PiscaLED.c,2 :: 		ADCON1 = 0b00001111;  //Configura todos os pinos como digitais
0x001C	0x0E0F      	MOVLW       15
0x001E	0x6EC1      	MOVWF       ADCON1 
;PiscaLED.c,4 :: 		TRISD.RD0 = 0;  //Configura RD0 como saída
0x0020	0x9095      	BCF         TRISD, 0 
;PiscaLED.c,5 :: 		PORTD.RD0 = 0;  //Inicializa o LED verde desligado
0x0022	0x9083      	BCF         PORTD, 0 
;PiscaLED.c,7 :: 		TRISD.RD1 = 0;  //Configura RD1 como saída
0x0024	0x9295      	BCF         TRISD, 1 
;PiscaLED.c,8 :: 		PORTD.RD1 = 0;  //Inicializa o LED azul desligado
0x0026	0x9283      	BCF         PORTD, 1 
;PiscaLED.c,10 :: 		while(1){
L_main0:
;PiscaLED.c,11 :: 		PORTD.RD0 = 0;  //LED verde desligado
0x0028	0x9083      	BCF         PORTD, 0 
;PiscaLED.c,12 :: 		PORTD.RD1 = 1;  //LED azul ligado
0x002A	0x8283      	BSF         PORTD, 1 
;PiscaLED.c,13 :: 		Delay_ms(1000);  //Intervalo de 1 segundo
0x002C	0x0E0B      	MOVLW       11
0x002E	0x6E0B      	MOVWF       R11, 0
0x0030	0x0E26      	MOVLW       38
0x0032	0x6E0C      	MOVWF       R12, 0
0x0034	0x0E5D      	MOVLW       93
0x0036	0x6E0D      	MOVWF       R13, 0
L_main2:
0x0038	0x2E0D      	DECFSZ      R13, 1, 0
0x003A	0xD7FE      	BRA         L_main2
0x003C	0x2E0C      	DECFSZ      R12, 1, 0
0x003E	0xD7FC      	BRA         L_main2
0x0040	0x2E0B      	DECFSZ      R11, 1, 0
0x0042	0xD7FA      	BRA         L_main2
0x0044	0x0000      	NOP
0x0046	0x0000      	NOP
;PiscaLED.c,14 :: 		PORTD.RD0 = 1;  //LED verde ligado
0x0048	0x8083      	BSF         PORTD, 0 
;PiscaLED.c,15 :: 		PORTD.RD1 = 0;  //LED azul desligado
0x004A	0x9283      	BCF         PORTD, 1 
;PiscaLED.c,16 :: 		Delay_ms(1000);  //Intervalo de 1 segundo
0x004C	0x0E0B      	MOVLW       11
0x004E	0x6E0B      	MOVWF       R11, 0
0x0050	0x0E26      	MOVLW       38
0x0052	0x6E0C      	MOVWF       R12, 0
0x0054	0x0E5D      	MOVLW       93
0x0056	0x6E0D      	MOVWF       R13, 0
L_main3:
0x0058	0x2E0D      	DECFSZ      R13, 1, 0
0x005A	0xD7FE      	BRA         L_main3
0x005C	0x2E0C      	DECFSZ      R12, 1, 0
0x005E	0xD7FC      	BRA         L_main3
0x0060	0x2E0B      	DECFSZ      R11, 1, 0
0x0062	0xD7FA      	BRA         L_main3
0x0064	0x0000      	NOP
0x0066	0x0000      	NOP
;PiscaLED.c,18 :: 		}
0x0068	0xD7DF      	BRA         L_main0
;PiscaLED.c,20 :: 		}
L_end_main:
0x006A	0xD7FF      	BRA         $+0
; end of _main
Symbol List:
//** Routines locations **
//ADDRESS    SIZE    PROCEDURE
//----------------------------------------------
0x001C      [80]    _main
//** Variables locations ** 
//ADDRESS    SIZE    VARIABLE
//----------------------------------------------
0x0000       [1]    R0
0x0001       [1]    R1
0x0002       [1]    R2
0x0003       [1]    R3
0x0004       [1]    R4
0x0005       [1]    R5
0x0006       [1]    R6
0x0007       [1]    R7
0x0008       [1]    R8
0x0009       [1]    R9
0x000A       [1]    R10
0x000B       [1]    R11
0x000C       [1]    R12
0x000D       [1]    R13
0x000E       [1]    R14
0x000F       [1]    R15
0x0010       [1]    R16
0x0011       [1]    R17
0x0012       [1]    R18
0x0013       [1]    R19
0x0014       [1]    R20
0x0F83       [1]    PORTD
0x0F95       [1]    TRISD
0x0FC1       [1]    ADCON1
0x0FD8       [1]    STATUS
0x0FD9       [1]    FSR2L
0x0FDA       [1]    FSR2H
0x0FDE       [1]    POSTINC2
0x0FE0       [1]    BSR
0x0FE1       [1]    FSR1L
0x0FE2       [1]    FSR1H
0x0FE4       [1]    PREINC1
0x0FE6       [1]    POSTINC1
0x0FE7       [1]    INDF1
0x0FE8       [1]    WREG
0x0FE9       [1]    FSR0L
0x0FEA       [1]    FSR0H
0x0FEE       [1]    POSTINC0
0x0FF3       [1]    PRODL
0x0FF4       [1]    PRODH
0x0FF5       [1]    TABLAT
0x0FF6       [1]    TBLPTRL
0x0FF7       [1]    TBLPTRH
0x0FF8       [1]    TBLPTRU
